2026-02-16 10:50:17,553 [INFO] [pid=76917] [PatchRoute] ionRoutingWISEArch: ops=65, MS_rounds=4, lookahead=1, subgrid=(4,3,0), active_ions=7
2026-02-16 10:50:17,553 [INFO] [pid=76917] [PatchRoute] main loop: idx=0, remaining_operations=65, remaining_MS_rounds=4
2026-02-16 10:50:17,553 [INFO] [pid=76917] [PatchRoute] computing routing window: idx=0, rounds=[0,1), lookahead=1, window_len=1
2026-02-16 10:50:17,553 [INFO] [pid=76917] [PatchRoute] rechecked cache at idx=0 (rounds=[0,1)); old_blk_idx=0, old_blk_end=0, new_blk_end=4 ,cache_for_block length=0, new_cache_for_block length=0
2026-02-16 10:50:17,553 [INFO] [pid=76917] [PatchRoute] starting patch routing: rounds=1, total_gates=2, patch_size=3x4, tilings=3, BTs=None
2026-02-16 10:50:17,553 [INFO] [pid=76917] [PatchRoute] beginning tiling cycle 1; remaining_gates=2
2026-02-16 10:50:17,553 [INFO] [pid=76917] [PatchRoute] cycle 1 tiling 1/3 offset=(0,0) patches=1 remaining_before=2
2026-02-16 10:50:17,553 [INFO] [pid=76917] [PatchRoute] solving patch r[0:3] c[0:4] gates=2 per_round=[2] boundary_prefs=[{}], BTs=[{}]
2026-02-16 10:50:29,488 [INFO] [pid=76917] [PatchRoute] patch r[0:3] c[0:4] solved in 11.93s; moved_ions=5; details=ion 2: (0, 1)->(0, 2), ion 4: (0, 2)->(0, 1), ion 8: (1, 1)->(2, 1), ion 14: (2, 1)->(2, 2), ion 16: (2, 2)->(1, 1)
2026-02-16 10:50:29,489 [INFO] [pid=76917] [PatchRoute] completed tiling 1: solved_gates=2, remaining_gates=0
2026-02-16 10:50:29,489 [INFO] [pid=76917] [PatchRoute] completed cycle 1: solved=2, remaining=0
2026-02-16 10:50:29,489 [INFO] [pid=76917] [PatchRoute] finished patch routing successfully; all gates covered.
2026-02-16 10:50:29,489 [INFO] [pid=76917] [PatchRoute] patch routing window idx=0 produced 1 tiling steps (meta entries); block_offset=0, cache_for_block size=1
2026-02-16 10:50:29,489 [INFO] [pid=76917] [PatchRoute] built BTs for window idx=0: rounds=0, windows=0, pins=0, pinned_pairs=0
2026-02-16 10:50:29,489 [INFO] [pid=76917] [PatchRoute] idx=0: initialised tiling_step list with 1 entries (from_cache=False)
2026-02-16 10:50:29,489 [INFO] [pid=76917] [PatchRoute] idx=0: applying reconfiguration step; schedule_passes=2, solved_pairs=2, remaining_tiling_steps=0, using_cached_schedule=False
2026-02-16 10:50:29,490 [INFO] [pid=76917] [PatchRoute] idx=0: reconfiguration applied; delta_reconfigTime=0.000000, total_reconfigTime=0.000000, total_ops=1
2026-02-16 10:50:29,490 [INFO] [pid=76917] [PatchRoute] idx=0: executed 22 single-qubit ops; remaining_operations=43, total_ops=23
2026-02-16 10:50:29,490 [INFO] [pid=76917] [PatchRoute] idx=0: executed 2/2 two-qubit MS gates; remaining_operations=41, total_ops=25
2026-02-16 10:50:29,491 [INFO] [pid=76917] [PatchRoute] main loop: idx=1, remaining_operations=41, remaining_MS_rounds=3
2026-02-16 10:50:29,491 [INFO] [pid=76917] [PatchRoute] computing routing window: idx=1, rounds=[1,2), lookahead=1, window_len=1
2026-02-16 10:50:29,491 [INFO] [pid=76917] [PatchRoute] rechecked cache at idx=1 (rounds=[1,2)); old_blk_idx=1, old_blk_end=4, new_blk_end=3 ,cache_for_block length=1, new_cache_for_block length=0
2026-02-16 10:50:29,491 [INFO] [pid=76917] [PatchRoute] starting patch routing: rounds=1, total_gates=2, patch_size=3x4, tilings=3, BTs=[]
2026-02-16 10:50:29,491 [INFO] [pid=76917] [PatchRoute] beginning tiling cycle 1; remaining_gates=2
2026-02-16 10:50:29,491 [INFO] [pid=76917] [PatchRoute] cycle 1 tiling 1/3 offset=(0,0) patches=1 remaining_before=2
2026-02-16 10:50:29,491 [INFO] [pid=76917] [PatchRoute] solving patch r[0:3] c[0:4] gates=2 per_round=[2] boundary_prefs=[{}], BTs=[{}]
2026-02-16 10:50:41,793 [INFO] [pid=76917] [PatchRoute] patch r[0:3] c[0:4] solved in 12.30s; moved_ions=6; details=ion 1: (0, 0)->(0, 2), ion 4: (0, 1)->(0, 0), ion 2: (0, 2)->(0, 3), ion 5: (0, 3)->(1, 1), ion 7: (1, 0)->(0, 1), ion 16: (1, 1)->(1, 0)
2026-02-16 10:50:41,794 [INFO] [pid=76917] [PatchRoute] completed tiling 1: solved_gates=2, remaining_gates=0
2026-02-16 10:50:41,794 [INFO] [pid=76917] [PatchRoute] completed cycle 1: solved=2, remaining=0
2026-02-16 10:50:41,794 [INFO] [pid=76917] [PatchRoute] finished patch routing successfully; all gates covered.
2026-02-16 10:50:41,794 [INFO] [pid=76917] [PatchRoute] patch routing window idx=1 produced 1 tiling steps (meta entries); block_offset=1, cache_for_block size=2
2026-02-16 10:50:41,794 [INFO] [pid=76917] [PatchRoute] built BTs for window idx=1: rounds=0, windows=0, pins=0, pinned_pairs=0
2026-02-16 10:50:41,794 [INFO] [pid=76917] [PatchRoute] idx=1: initialised tiling_step list with 1 entries (from_cache=False)
2026-02-16 10:50:41,794 [INFO] [pid=76917] [PatchRoute] idx=1: applying reconfiguration step; schedule_passes=3, solved_pairs=2, remaining_tiling_steps=0, using_cached_schedule=False
2026-02-16 10:50:41,795 [INFO] [pid=76917] [PatchRoute] idx=1: reconfiguration applied; delta_reconfigTime=0.001014, total_reconfigTime=0.001014, total_ops=26
2026-02-16 10:50:41,795 [INFO] [pid=76917] [PatchRoute] idx=1: executed 8 single-qubit ops; remaining_operations=33, total_ops=34
2026-02-16 10:50:41,795 [INFO] [pid=76917] [PatchRoute] idx=1: executed 2/2 two-qubit MS gates; remaining_operations=31, total_ops=36
2026-02-16 10:50:41,795 [INFO] [pid=76917] [PatchRoute] main loop: idx=2, remaining_operations=31, remaining_MS_rounds=2
2026-02-16 10:50:41,795 [INFO] [pid=76917] [PatchRoute] computing routing window: idx=2, rounds=[2,3), lookahead=1, window_len=1
2026-02-16 10:50:41,795 [INFO] [pid=76917] [PatchRoute] rechecked cache at idx=2 (rounds=[2,3)); old_blk_idx=2, old_blk_end=4, new_blk_end=2 ,cache_for_block length=2, new_cache_for_block length=0
2026-02-16 10:50:41,795 [INFO] [pid=76917] [PatchRoute] starting patch routing: rounds=1, total_gates=2, patch_size=3x4, tilings=3, BTs=[]
2026-02-16 10:50:41,795 [INFO] [pid=76917] [PatchRoute] beginning tiling cycle 1; remaining_gates=2
2026-02-16 10:50:41,795 [INFO] [pid=76917] [PatchRoute] cycle 1 tiling 1/3 offset=(0,0) patches=1 remaining_before=2
2026-02-16 10:50:41,795 [INFO] [pid=76917] [PatchRoute] solving patch r[0:3] c[0:4] gates=2 per_round=[2] boundary_prefs=[{}], BTs=[{}]
2026-02-16 10:50:53,510 [INFO] [pid=76917] [PatchRoute] patch r[0:3] c[0:4] solved in 11.71s; moved_ions=11; details=ion 4: (0, 0)->(1, 0), ion 7: (0, 1)->(2, 2), ion 1: (0, 2)->(0, 3), ion 2: (0, 3)->(0, 1), ion 16: (1, 0)->(2, 1), ion 5: (1, 1)->(0, 0)
2026-02-16 10:50:53,510 [INFO] [pid=76917] [PatchRoute] completed tiling 1: solved_gates=2, remaining_gates=0
2026-02-16 10:50:53,510 [INFO] [pid=76917] [PatchRoute] completed cycle 1: solved=2, remaining=0
2026-02-16 10:50:53,510 [INFO] [pid=76917] [PatchRoute] finished patch routing successfully; all gates covered.
2026-02-16 10:50:53,510 [INFO] [pid=76917] [PatchRoute] patch routing window idx=2 produced 1 tiling steps (meta entries); block_offset=2, cache_for_block size=3
2026-02-16 10:50:53,510 [INFO] [pid=76917] [PatchRoute] built BTs for window idx=2: rounds=0, windows=0, pins=0, pinned_pairs=0
2026-02-16 10:50:53,510 [INFO] [pid=76917] [PatchRoute] idx=2: initialised tiling_step list with 1 entries (from_cache=False)
2026-02-16 10:50:53,510 [INFO] [pid=76917] [PatchRoute] idx=2: applying reconfiguration step; schedule_passes=4, solved_pairs=2, remaining_tiling_steps=0, using_cached_schedule=False
2026-02-16 10:50:53,511 [INFO] [pid=76917] [PatchRoute] idx=2: reconfiguration applied; delta_reconfigTime=0.001524, total_reconfigTime=0.002538, total_ops=37
2026-02-16 10:50:53,512 [INFO] [pid=76917] [PatchRoute] idx=2: executed 10 single-qubit ops; remaining_operations=21, total_ops=47
2026-02-16 10:50:53,512 [INFO] [pid=76917] [PatchRoute] idx=2: executed 2/2 two-qubit MS gates; remaining_operations=19, total_ops=49
2026-02-16 10:50:53,512 [INFO] [pid=76917] [PatchRoute] main loop: idx=3, remaining_operations=19, remaining_MS_rounds=1
2026-02-16 10:50:53,512 [INFO] [pid=76917] [PatchRoute] computing routing window: idx=3, rounds=[3,4), lookahead=1, window_len=1
2026-02-16 10:50:53,512 [INFO] [pid=76917] [PatchRoute] rechecked cache at idx=3 (rounds=[3,4)); old_blk_idx=3, old_blk_end=4, new_blk_end=1 ,cache_for_block length=3, new_cache_for_block length=0
2026-02-16 10:50:53,512 [INFO] [pid=76917] [PatchRoute] starting patch routing: rounds=1, total_gates=2, patch_size=3x4, tilings=3, BTs=[]
2026-02-16 10:50:53,512 [INFO] [pid=76917] [PatchRoute] beginning tiling cycle 1; remaining_gates=2
2026-02-16 10:50:53,512 [INFO] [pid=76917] [PatchRoute] cycle 1 tiling 1/3 offset=(0,0) patches=1 remaining_before=2
2026-02-16 10:50:53,512 [INFO] [pid=76917] [PatchRoute] solving patch r[0:3] c[0:4] gates=2 per_round=[2] boundary_prefs=[{}], BTs=[{}]
2026-02-16 10:51:04,733 [INFO] [pid=76917] [PatchRoute] patch r[0:3] c[0:4] solved in 11.22s; moved_ions=10; details=ion 5: (0, 0)->(0, 2), ion 2: (0, 1)->(1, 0), ion 11: (0, 2)->(2, 1), ion 4: (1, 0)->(1, 2), ion 8: (1, 1)->(0, 0), ion 17: (1, 2)->(1, 3)
2026-02-16 10:51:04,733 [INFO] [pid=76917] [PatchRoute] completed tiling 1: solved_gates=2, remaining_gates=0
2026-02-16 10:51:04,733 [INFO] [pid=76917] [PatchRoute] completed cycle 1: solved=2, remaining=0
2026-02-16 10:51:04,733 [INFO] [pid=76917] [PatchRoute] finished patch routing successfully; all gates covered.
2026-02-16 10:51:04,733 [INFO] [pid=76917] [PatchRoute] patch routing window idx=3 produced 1 tiling steps (meta entries); block_offset=3, cache_for_block size=4
2026-02-16 10:51:04,733 [INFO] [pid=76917] [PatchRoute] built BTs for window idx=3: rounds=0, windows=0, pins=0, pinned_pairs=0
2026-02-16 10:51:04,733 [INFO] [pid=76917] [PatchRoute] idx=3: initialised tiling_step list with 1 entries (from_cache=False)
2026-02-16 10:51:04,733 [INFO] [pid=76917] [PatchRoute] idx=3: applying reconfiguration step; schedule_passes=4, solved_pairs=2, remaining_tiling_steps=0, using_cached_schedule=False
2026-02-16 10:51:04,734 [INFO] [pid=76917] [PatchRoute] idx=3: reconfiguration applied; delta_reconfigTime=0.001524, total_reconfigTime=0.004062, total_ops=50
2026-02-16 10:51:04,734 [INFO] [pid=76917] [PatchRoute] idx=3: executed 7 single-qubit ops; remaining_operations=12, total_ops=57
2026-02-16 10:51:04,734 [INFO] [pid=76917] [PatchRoute] idx=3: executed 2/2 two-qubit MS gates; remaining_operations=10, total_ops=59
2026-02-16 10:51:04,734 [INFO] [pid=76917] [PatchRoute] main loop: idx=4, remaining_operations=10, remaining_MS_rounds=0
2026-02-16 10:51:04,735 [INFO] [pid=76917] [PatchRoute] idx=4: executed 10 single-qubit ops; remaining_operations=0, total_ops=69
2026-02-16 11:47:27,852 [INFO] [pid=95438] [PatchRoute] ionRoutingWISEArch: ops=65, MS_rounds=4, lookahead=2, subgrid=(4,3,0), active_ions=7
2026-02-16 11:47:27,852 [INFO] [pid=95438] [PatchRoute] main loop: idx=0, remaining_operations=65, remaining_MS_rounds=4
2026-02-16 11:47:27,852 [INFO] [pid=95438] [PatchRoute] computing routing window: idx=0, rounds=[0,2), lookahead=2, window_len=2
2026-02-16 11:47:27,852 [INFO] [pid=95438] [PatchRoute] rechecked cache at idx=0 (rounds=[0,2)); old_blk_idx=0, old_blk_end=0, new_blk_end=4 ,cache_for_block length=0, new_cache_for_block length=0
2026-02-16 11:47:27,852 [INFO] [pid=95438] [PatchRoute] starting patch routing: rounds=2, total_gates=4, patch_size=3x4, tilings=3, BTs=None
2026-02-16 11:47:27,852 [INFO] [pid=95438] [PatchRoute] beginning tiling cycle 1; remaining_gates=4
2026-02-16 11:47:27,852 [INFO] [pid=95438] [PatchRoute] cycle 1 tiling 1/3 offset=(0,0) patches=1 remaining_before=4
2026-02-16 11:47:27,852 [INFO] [pid=95438] [PatchRoute] solving patch r[0:3] c[0:4] gates=4 per_round=[2, 2] boundary_prefs=[{}, {}], BTs=[{}, {}]
2026-02-16 11:47:27,862 [INFO] [pid=95437] [PatchRoute] ionRoutingWISEArch: ops=65, MS_rounds=4, lookahead=1, subgrid=(4,3,0), active_ions=7
2026-02-16 11:47:27,862 [INFO] [pid=95437] [PatchRoute] main loop: idx=0, remaining_operations=65, remaining_MS_rounds=4
2026-02-16 11:47:27,862 [INFO] [pid=95437] [PatchRoute] computing routing window: idx=0, rounds=[0,1), lookahead=1, window_len=1
2026-02-16 11:47:27,862 [INFO] [pid=95437] [PatchRoute] rechecked cache at idx=0 (rounds=[0,1)); old_blk_idx=0, old_blk_end=0, new_blk_end=4 ,cache_for_block length=0, new_cache_for_block length=0
2026-02-16 11:47:27,862 [INFO] [pid=95437] [PatchRoute] starting patch routing: rounds=1, total_gates=2, patch_size=3x4, tilings=3, BTs=None
2026-02-16 11:47:27,862 [INFO] [pid=95437] [PatchRoute] beginning tiling cycle 1; remaining_gates=2
2026-02-16 11:47:27,862 [INFO] [pid=95437] [PatchRoute] cycle 1 tiling 1/3 offset=(0,0) patches=1 remaining_before=2
2026-02-16 11:47:27,862 [INFO] [pid=95437] [PatchRoute] solving patch r[0:3] c[0:4] gates=2 per_round=[2] boundary_prefs=[{}], BTs=[{}]
2026-02-16 11:48:18,375 [INFO] [pid=95437] [PatchRoute] patch r[0:3] c[0:4] solved in 50.51s; moved_ions=5; details=ion 2: (0, 1)->(0, 2), ion 4: (0, 2)->(0, 1), ion 8: (1, 1)->(2, 1), ion 14: (2, 1)->(2, 2), ion 16: (2, 2)->(1, 1)
2026-02-16 11:48:18,376 [INFO] [pid=95437] [PatchRoute] completed tiling 1: solved_gates=2, remaining_gates=0
2026-02-16 11:48:18,376 [INFO] [pid=95437] [PatchRoute] completed cycle 1: solved=2, remaining=0
2026-02-16 11:48:18,376 [INFO] [pid=95437] [PatchRoute] finished patch routing successfully; all gates covered.
2026-02-16 11:48:18,376 [INFO] [pid=95437] [PatchRoute] patch routing window idx=0 produced 1 tiling steps (meta entries); block_offset=0, cache_for_block size=1
2026-02-16 11:48:18,376 [INFO] [pid=95437] [PatchRoute] built BTs for window idx=0: rounds=0, windows=0, pins=0, pinned_pairs=0
2026-02-16 11:48:18,376 [INFO] [pid=95437] [PatchRoute] idx=0: initialised tiling_step list with 1 entries (from_cache=False)
2026-02-16 11:48:18,376 [INFO] [pid=95437] [PatchRoute] idx=0: applying reconfiguration step; schedule_passes=2, solved_pairs=2, remaining_tiling_steps=0, using_cached_schedule=False
2026-02-16 11:48:18,377 [INFO] [pid=95437] [PatchRoute] idx=0: reconfiguration applied; delta_reconfigTime=0.000000, total_reconfigTime=0.000000, total_ops=1
2026-02-16 11:48:18,378 [INFO] [pid=95437] [PatchRoute] idx=0: executed 22 single-qubit ops; remaining_operations=43, total_ops=23
2026-02-16 11:48:18,378 [INFO] [pid=95437] [PatchRoute] idx=0: executed 2/2 two-qubit MS gates; remaining_operations=41, total_ops=25
2026-02-16 11:48:18,378 [INFO] [pid=95437] [PatchRoute] main loop: idx=1, remaining_operations=41, remaining_MS_rounds=3
2026-02-16 11:48:18,378 [INFO] [pid=95437] [PatchRoute] computing routing window: idx=1, rounds=[1,2), lookahead=1, window_len=1
2026-02-16 11:48:18,378 [INFO] [pid=95437] [PatchRoute] rechecked cache at idx=1 (rounds=[1,2)); old_blk_idx=1, old_blk_end=4, new_blk_end=3 ,cache_for_block length=1, new_cache_for_block length=0
2026-02-16 11:48:18,378 [INFO] [pid=95437] [PatchRoute] starting patch routing: rounds=1, total_gates=2, patch_size=3x4, tilings=3, BTs=[]
2026-02-16 11:48:18,378 [INFO] [pid=95437] [PatchRoute] beginning tiling cycle 1; remaining_gates=2
2026-02-16 11:48:18,378 [INFO] [pid=95437] [PatchRoute] cycle 1 tiling 1/3 offset=(0,0) patches=1 remaining_before=2
2026-02-16 11:48:18,378 [INFO] [pid=95437] [PatchRoute] solving patch r[0:3] c[0:4] gates=2 per_round=[2] boundary_prefs=[{}], BTs=[{}]
2026-02-16 11:48:46,038 [INFO] [pid=95438] [PatchRoute] patch r[0:3] c[0:4] solved in 78.19s; moved_ions=8; details=ion 2: (0, 1)->(0, 2), ion 4: (0, 2)->(0, 1), ion 8: (1, 1)->(1, 2), ion 10: (1, 2)->(2, 1), ion 11: (1, 3)->(2, 3), ion 14: (2, 1)->(2, 2)
2026-02-16 11:48:46,038 [INFO] [pid=95438] [PatchRoute] completed tiling 1: solved_gates=4, remaining_gates=0
2026-02-16 11:48:46,038 [INFO] [pid=95438] [PatchRoute] completed cycle 1: solved=4, remaining=0
2026-02-16 11:48:46,038 [INFO] [pid=95438] [PatchRoute] finished patch routing successfully; all gates covered.
2026-02-16 11:48:46,038 [INFO] [pid=95438] [PatchRoute] patch routing window idx=0 produced 1 tiling steps (meta entries); block_offset=0, cache_for_block size=1
2026-02-16 11:48:46,038 [INFO] [pid=95438] [PatchRoute] built BTs for window idx=0: rounds=1, windows=1, pins=7, pinned_pairs=2
2026-02-16 11:48:46,038 [INFO] [pid=95438] [PatchRoute] idx=0: initialised tiling_step list with 1 entries (from_cache=False)
2026-02-16 11:48:46,038 [INFO] [pid=95438] [PatchRoute] idx=0: applying reconfiguration step; schedule_passes=2, solved_pairs=2, remaining_tiling_steps=0, using_cached_schedule=False
2026-02-16 11:48:46,039 [INFO] [pid=95438] [PatchRoute] idx=0: reconfiguration applied; delta_reconfigTime=0.000000, total_reconfigTime=0.000000, total_ops=1
2026-02-16 11:48:46,040 [INFO] [pid=95438] [PatchRoute] idx=0: executed 22 single-qubit ops; remaining_operations=43, total_ops=23
2026-02-16 11:48:46,040 [INFO] [pid=95438] [PatchRoute] idx=0: executed 2/2 two-qubit MS gates; remaining_operations=41, total_ops=25
2026-02-16 11:48:46,040 [INFO] [pid=95438] [PatchRoute] main loop: idx=1, remaining_operations=41, remaining_MS_rounds=3
2026-02-16 11:48:46,040 [INFO] [pid=95438] [PatchRoute] idx=1: initialised tiling_step list with 1 entries (from_cache=False)
2026-02-16 11:48:46,040 [INFO] [pid=95438] [PatchRoute] idx=1: applying reconfiguration step; schedule_passes=3, solved_pairs=2, remaining_tiling_steps=0, using_cached_schedule=False
2026-02-16 11:48:46,041 [INFO] [pid=95438] [PatchRoute] idx=1: reconfiguration applied; delta_reconfigTime=0.001014, total_reconfigTime=0.001014, total_ops=26
2026-02-16 11:48:46,041 [INFO] [pid=95438] [PatchRoute] idx=1: executed 8 single-qubit ops; remaining_operations=33, total_ops=34
2026-02-16 11:48:46,041 [INFO] [pid=95438] [PatchRoute] idx=1: executed 2/2 two-qubit MS gates; remaining_operations=31, total_ops=36
2026-02-16 11:48:46,041 [INFO] [pid=95438] [PatchRoute] main loop: idx=2, remaining_operations=31, remaining_MS_rounds=2
2026-02-16 11:48:46,041 [INFO] [pid=95438] [PatchRoute] computing routing window: idx=2, rounds=[2,4), lookahead=2, window_len=2
2026-02-16 11:48:46,041 [INFO] [pid=95438] [PatchRoute] rechecked cache at idx=2 (rounds=[2,4)); old_blk_idx=2, old_blk_end=4, new_blk_end=2 ,cache_for_block length=1, new_cache_for_block length=0
2026-02-16 11:48:46,041 [INFO] [pid=95438] [PatchRoute] starting patch routing: rounds=2, total_gates=4, patch_size=3x4, tilings=3, BTs=[{(0, 0): ({16: (0, 0), 4: (1, 0), 7: (1, 1), 1: (1, 2), 2: (1, 3), 13: (2, 0), 14: (2, 2)}, [(7, 4), (1, 2)])}]
2026-02-16 11:48:46,041 [INFO] [pid=95438] [PatchRoute] beginning tiling cycle 1; remaining_gates=4
2026-02-16 11:48:46,041 [INFO] [pid=95438] [PatchRoute] cycle 1 tiling 1/3 offset=(0,0) patches=1 remaining_before=4
2026-02-16 11:48:46,041 [INFO] [pid=95438] [PatchRoute] solving patch r[0:3] c[0:4] gates=4 per_round=[2, 2] boundary_prefs=[{}, {}], BTs=[{7: (1, 1)}, {}]
2026-02-16 11:49:00,910 [INFO] [pid=95437] [PatchRoute] patch r[0:3] c[0:4] solved in 42.53s; moved_ions=6; details=ion 1: (0, 0)->(0, 2), ion 4: (0, 1)->(0, 0), ion 2: (0, 2)->(0, 3), ion 5: (0, 3)->(1, 1), ion 7: (1, 0)->(0, 1), ion 16: (1, 1)->(1, 0)
2026-02-16 11:49:00,910 [INFO] [pid=95437] [PatchRoute] completed tiling 1: solved_gates=2, remaining_gates=0
2026-02-16 11:49:00,910 [INFO] [pid=95437] [PatchRoute] completed cycle 1: solved=2, remaining=0
2026-02-16 11:49:00,910 [INFO] [pid=95437] [PatchRoute] finished patch routing successfully; all gates covered.
2026-02-16 11:49:00,910 [INFO] [pid=95437] [PatchRoute] patch routing window idx=1 produced 1 tiling steps (meta entries); block_offset=1, cache_for_block size=2
2026-02-16 11:49:00,910 [INFO] [pid=95437] [PatchRoute] built BTs for window idx=1: rounds=0, windows=0, pins=0, pinned_pairs=0
2026-02-16 11:49:00,910 [INFO] [pid=95437] [PatchRoute] idx=1: initialised tiling_step list with 1 entries (from_cache=False)
2026-02-16 11:49:00,910 [INFO] [pid=95437] [PatchRoute] idx=1: applying reconfiguration step; schedule_passes=3, solved_pairs=2, remaining_tiling_steps=0, using_cached_schedule=False
2026-02-16 11:49:00,911 [INFO] [pid=95437] [PatchRoute] idx=1: reconfiguration applied; delta_reconfigTime=0.001014, total_reconfigTime=0.001014, total_ops=26
2026-02-16 11:49:00,911 [INFO] [pid=95437] [PatchRoute] idx=1: executed 8 single-qubit ops; remaining_operations=33, total_ops=34
2026-02-16 11:49:00,911 [INFO] [pid=95437] [PatchRoute] idx=1: executed 2/2 two-qubit MS gates; remaining_operations=31, total_ops=36
2026-02-16 11:49:00,912 [INFO] [pid=95437] [PatchRoute] main loop: idx=2, remaining_operations=31, remaining_MS_rounds=2
2026-02-16 11:49:00,912 [INFO] [pid=95437] [PatchRoute] computing routing window: idx=2, rounds=[2,3), lookahead=1, window_len=1
2026-02-16 11:49:00,912 [INFO] [pid=95437] [PatchRoute] rechecked cache at idx=2 (rounds=[2,3)); old_blk_idx=2, old_blk_end=4, new_blk_end=2 ,cache_for_block length=2, new_cache_for_block length=0
2026-02-16 11:49:00,912 [INFO] [pid=95437] [PatchRoute] starting patch routing: rounds=1, total_gates=2, patch_size=3x4, tilings=3, BTs=[]
2026-02-16 11:49:00,912 [INFO] [pid=95437] [PatchRoute] beginning tiling cycle 1; remaining_gates=2
2026-02-16 11:49:00,912 [INFO] [pid=95437] [PatchRoute] cycle 1 tiling 1/3 offset=(0,0) patches=1 remaining_before=2
2026-02-16 11:49:00,912 [INFO] [pid=95437] [PatchRoute] solving patch r[0:3] c[0:4] gates=2 per_round=[2] boundary_prefs=[{}], BTs=[{}]
2026-02-16 11:49:42,385 [INFO] [pid=97510] [PatchRoute] ionRoutingWISEArch: ops=65, MS_rounds=4, lookahead=1, subgrid=(4,3,0), active_ions=7
2026-02-16 11:49:42,385 [INFO] [pid=97510] [PatchRoute] main loop: idx=0, remaining_operations=65, remaining_MS_rounds=4
2026-02-16 11:49:42,385 [INFO] [pid=97510] [PatchRoute] computing routing window: idx=0, rounds=[0,1), lookahead=1, window_len=1
2026-02-16 11:49:42,385 [INFO] [pid=97510] [PatchRoute] rechecked cache at idx=0 (rounds=[0,1)); old_blk_idx=0, old_blk_end=0, new_blk_end=4 ,cache_for_block length=0, new_cache_for_block length=0
2026-02-16 11:49:42,385 [INFO] [pid=97510] [PatchRoute] starting patch routing: rounds=1, total_gates=2, patch_size=3x4, tilings=3, BTs=None
2026-02-16 11:49:42,385 [INFO] [pid=97510] [PatchRoute] beginning tiling cycle 1; remaining_gates=2
2026-02-16 11:49:42,385 [INFO] [pid=97510] [PatchRoute] cycle 1 tiling 1/3 offset=(0,0) patches=1 remaining_before=2
2026-02-16 11:49:42,385 [INFO] [pid=97510] [PatchRoute] solving patch r[0:3] c[0:4] gates=2 per_round=[2] boundary_prefs=[{}], BTs=[{}]
2026-02-16 11:50:07,736 [INFO] [pid=97510] [PatchRoute] patch r[0:3] c[0:4] solved in 25.35s; moved_ions=5; details=ion 2: (0, 1)->(0, 2), ion 4: (0, 2)->(0, 1), ion 8: (1, 1)->(2, 1), ion 14: (2, 1)->(2, 2), ion 16: (2, 2)->(1, 1)
2026-02-16 11:50:07,736 [INFO] [pid=97510] [PatchRoute] completed tiling 1: solved_gates=2, remaining_gates=0
2026-02-16 11:50:07,736 [INFO] [pid=97510] [PatchRoute] completed cycle 1: solved=2, remaining=0
2026-02-16 11:50:07,736 [INFO] [pid=97510] [PatchRoute] finished patch routing successfully; all gates covered.
2026-02-16 11:50:07,736 [INFO] [pid=97510] [PatchRoute] patch routing window idx=0 produced 1 tiling steps (meta entries); block_offset=0, cache_for_block size=1
2026-02-16 11:50:07,736 [INFO] [pid=97510] [PatchRoute] built BTs for window idx=0: rounds=0, windows=0, pins=0, pinned_pairs=0
2026-02-16 11:50:07,736 [INFO] [pid=97510] [PatchRoute] idx=0: initialised tiling_step list with 1 entries (from_cache=False)
2026-02-16 11:50:07,736 [INFO] [pid=97510] [PatchRoute] idx=0: applying reconfiguration step; schedule_passes=2, solved_pairs=2, remaining_tiling_steps=0, using_cached_schedule=False
2026-02-16 11:50:07,737 [INFO] [pid=97510] [PatchRoute] idx=0: reconfiguration applied; delta_reconfigTime=0.000000, total_reconfigTime=0.000000, total_ops=1
2026-02-16 11:50:07,737 [INFO] [pid=97510] [PatchRoute] idx=0: executed 22 single-qubit ops; remaining_operations=43, total_ops=23
2026-02-16 11:50:07,738 [INFO] [pid=97510] [PatchRoute] idx=0: executed 2/2 two-qubit MS gates; remaining_operations=41, total_ops=25
2026-02-16 11:50:07,738 [INFO] [pid=97510] [PatchRoute] main loop: idx=1, remaining_operations=41, remaining_MS_rounds=3
2026-02-16 11:50:07,738 [INFO] [pid=97510] [PatchRoute] computing routing window: idx=1, rounds=[1,2), lookahead=1, window_len=1
2026-02-16 11:50:07,738 [INFO] [pid=97510] [PatchRoute] rechecked cache at idx=1 (rounds=[1,2)); old_blk_idx=1, old_blk_end=4, new_blk_end=3 ,cache_for_block length=1, new_cache_for_block length=0
2026-02-16 11:50:07,738 [INFO] [pid=97510] [PatchRoute] starting patch routing: rounds=1, total_gates=2, patch_size=3x4, tilings=3, BTs=[]
2026-02-16 11:50:07,738 [INFO] [pid=97510] [PatchRoute] beginning tiling cycle 1; remaining_gates=2
2026-02-16 11:50:07,738 [INFO] [pid=97510] [PatchRoute] cycle 1 tiling 1/3 offset=(0,0) patches=1 remaining_before=2
2026-02-16 11:50:07,738 [INFO] [pid=97510] [PatchRoute] solving patch r[0:3] c[0:4] gates=2 per_round=[2] boundary_prefs=[{}], BTs=[{}]
2026-02-16 11:50:29,239 [INFO] [pid=97510] [PatchRoute] patch r[0:3] c[0:4] solved in 21.50s; moved_ions=6; details=ion 1: (0, 0)->(0, 2), ion 4: (0, 1)->(0, 0), ion 2: (0, 2)->(0, 3), ion 5: (0, 3)->(1, 1), ion 7: (1, 0)->(0, 1), ion 16: (1, 1)->(1, 0)
2026-02-16 11:50:29,240 [INFO] [pid=97510] [PatchRoute] completed tiling 1: solved_gates=2, remaining_gates=0
2026-02-16 11:50:29,240 [INFO] [pid=97510] [PatchRoute] completed cycle 1: solved=2, remaining=0
2026-02-16 11:50:29,240 [INFO] [pid=97510] [PatchRoute] finished patch routing successfully; all gates covered.
2026-02-16 11:50:29,240 [INFO] [pid=97510] [PatchRoute] patch routing window idx=1 produced 1 tiling steps (meta entries); block_offset=1, cache_for_block size=2
2026-02-16 11:50:29,240 [INFO] [pid=97510] [PatchRoute] built BTs for window idx=1: rounds=0, windows=0, pins=0, pinned_pairs=0
2026-02-16 11:50:29,240 [INFO] [pid=97510] [PatchRoute] idx=1: initialised tiling_step list with 1 entries (from_cache=False)
2026-02-16 11:50:29,240 [INFO] [pid=97510] [PatchRoute] idx=1: applying reconfiguration step; schedule_passes=3, solved_pairs=2, remaining_tiling_steps=0, using_cached_schedule=False
2026-02-16 11:50:29,241 [INFO] [pid=97510] [PatchRoute] idx=1: reconfiguration applied; delta_reconfigTime=0.001014, total_reconfigTime=0.001014, total_ops=26
2026-02-16 11:50:29,241 [INFO] [pid=97510] [PatchRoute] idx=1: executed 8 single-qubit ops; remaining_operations=33, total_ops=34
2026-02-16 11:50:29,241 [INFO] [pid=97510] [PatchRoute] idx=1: executed 2/2 two-qubit MS gates; remaining_operations=31, total_ops=36
2026-02-16 11:50:29,241 [INFO] [pid=97510] [PatchRoute] main loop: idx=2, remaining_operations=31, remaining_MS_rounds=2
2026-02-16 11:50:29,241 [INFO] [pid=97510] [PatchRoute] computing routing window: idx=2, rounds=[2,3), lookahead=1, window_len=1
2026-02-16 11:50:29,241 [INFO] [pid=97510] [PatchRoute] rechecked cache at idx=2 (rounds=[2,3)); old_blk_idx=2, old_blk_end=4, new_blk_end=2 ,cache_for_block length=2, new_cache_for_block length=0
2026-02-16 11:50:29,241 [INFO] [pid=97510] [PatchRoute] starting patch routing: rounds=1, total_gates=2, patch_size=3x4, tilings=3, BTs=[]
2026-02-16 11:50:29,241 [INFO] [pid=97510] [PatchRoute] beginning tiling cycle 1; remaining_gates=2
2026-02-16 11:50:29,241 [INFO] [pid=97510] [PatchRoute] cycle 1 tiling 1/3 offset=(0,0) patches=1 remaining_before=2
2026-02-16 11:50:29,241 [INFO] [pid=97510] [PatchRoute] solving patch r[0:3] c[0:4] gates=2 per_round=[2] boundary_prefs=[{}], BTs=[{}]
2026-02-16 11:50:51,892 [INFO] [pid=97510] [PatchRoute] patch r[0:3] c[0:4] solved in 22.65s; moved_ions=11; details=ion 4: (0, 0)->(0, 2), ion 7: (0, 1)->(1, 0), ion 1: (0, 2)->(2, 3), ion 2: (0, 3)->(0, 1), ion 16: (1, 0)->(2, 1), ion 5: (1, 1)->(0, 0)
2026-02-16 11:50:51,892 [INFO] [pid=97510] [PatchRoute] completed tiling 1: solved_gates=2, remaining_gates=0
2026-02-16 11:50:51,892 [INFO] [pid=97510] [PatchRoute] completed cycle 1: solved=2, remaining=0
2026-02-16 11:50:51,892 [INFO] [pid=97510] [PatchRoute] finished patch routing successfully; all gates covered.
2026-02-16 11:50:51,892 [INFO] [pid=97510] [PatchRoute] patch routing window idx=2 produced 1 tiling steps (meta entries); block_offset=2, cache_for_block size=3
2026-02-16 11:50:51,892 [INFO] [pid=97510] [PatchRoute] built BTs for window idx=2: rounds=0, windows=0, pins=0, pinned_pairs=0
2026-02-16 11:50:51,892 [INFO] [pid=97510] [PatchRoute] idx=2: initialised tiling_step list with 1 entries (from_cache=False)
2026-02-16 11:50:51,892 [INFO] [pid=97510] [PatchRoute] idx=2: applying reconfiguration step; schedule_passes=4, solved_pairs=2, remaining_tiling_steps=0, using_cached_schedule=False
2026-02-16 11:50:51,894 [INFO] [pid=97510] [PatchRoute] idx=2: reconfiguration applied; delta_reconfigTime=0.001524, total_reconfigTime=0.002538, total_ops=37
2026-02-16 11:50:51,894 [INFO] [pid=97510] [PatchRoute] idx=2: executed 10 single-qubit ops; remaining_operations=21, total_ops=47
2026-02-16 11:50:51,894 [INFO] [pid=97510] [PatchRoute] idx=2: executed 2/2 two-qubit MS gates; remaining_operations=19, total_ops=49
2026-02-16 11:50:51,894 [INFO] [pid=97510] [PatchRoute] main loop: idx=3, remaining_operations=19, remaining_MS_rounds=1
2026-02-16 11:50:51,894 [INFO] [pid=97510] [PatchRoute] computing routing window: idx=3, rounds=[3,4), lookahead=1, window_len=1
2026-02-16 11:50:51,894 [INFO] [pid=97510] [PatchRoute] rechecked cache at idx=3 (rounds=[3,4)); old_blk_idx=3, old_blk_end=4, new_blk_end=1 ,cache_for_block length=3, new_cache_for_block length=0
2026-02-16 11:50:51,894 [INFO] [pid=97510] [PatchRoute] starting patch routing: rounds=1, total_gates=2, patch_size=3x4, tilings=3, BTs=[]
2026-02-16 11:50:51,894 [INFO] [pid=97510] [PatchRoute] beginning tiling cycle 1; remaining_gates=2
2026-02-16 11:50:51,894 [INFO] [pid=97510] [PatchRoute] cycle 1 tiling 1/3 offset=(0,0) patches=1 remaining_before=2
2026-02-16 11:50:51,894 [INFO] [pid=97510] [PatchRoute] solving patch r[0:3] c[0:4] gates=2 per_round=[2] boundary_prefs=[{}], BTs=[{}]
2026-02-16 11:51:22,222 [INFO] [pid=97510] [PatchRoute] patch r[0:3] c[0:4] solved in 30.33s; moved_ions=4; details=ion 5: (0, 0)->(1, 0), ion 7: (1, 0)->(0, 0), ion 14: (1, 1)->(2, 1), ion 16: (2, 1)->(1, 1)
2026-02-16 11:51:22,222 [INFO] [pid=97510] [PatchRoute] completed tiling 1: solved_gates=2, remaining_gates=0
2026-02-16 11:51:22,222 [INFO] [pid=97510] [PatchRoute] completed cycle 1: solved=2, remaining=0
2026-02-16 11:51:22,222 [INFO] [pid=97510] [PatchRoute] finished patch routing successfully; all gates covered.
2026-02-16 11:51:22,222 [INFO] [pid=97510] [PatchRoute] patch routing window idx=3 produced 1 tiling steps (meta entries); block_offset=3, cache_for_block size=4
2026-02-16 11:51:22,222 [INFO] [pid=97510] [PatchRoute] built BTs for window idx=3: rounds=0, windows=0, pins=0, pinned_pairs=0
2026-02-16 11:51:22,222 [INFO] [pid=97510] [PatchRoute] idx=3: initialised tiling_step list with 1 entries (from_cache=False)
2026-02-16 11:51:22,222 [INFO] [pid=97510] [PatchRoute] idx=3: applying reconfiguration step; schedule_passes=2, solved_pairs=2, remaining_tiling_steps=0, using_cached_schedule=False
2026-02-16 11:51:22,223 [INFO] [pid=97510] [PatchRoute] idx=3: reconfiguration applied; delta_reconfigTime=0.001100, total_reconfigTime=0.003638, total_ops=50
2026-02-16 11:51:22,223 [INFO] [pid=97510] [PatchRoute] idx=3: executed 7 single-qubit ops; remaining_operations=12, total_ops=57
2026-02-16 11:51:22,224 [INFO] [pid=97510] [PatchRoute] idx=3: executed 2/2 two-qubit MS gates; remaining_operations=10, total_ops=59
2026-02-16 11:51:22,224 [INFO] [pid=97510] [PatchRoute] main loop: idx=4, remaining_operations=10, remaining_MS_rounds=0
2026-02-16 11:51:22,224 [INFO] [pid=97510] [PatchRoute] idx=4: executed 10 single-qubit ops; remaining_operations=0, total_ops=69
2026-02-16 11:58:43,017 [INFO] [pid=3473] [PatchRoute] ionRoutingWISEArch: ops=65, MS_rounds=4, lookahead=1, subgrid=(4,3,0), active_ions=7
2026-02-16 11:58:43,017 [INFO] [pid=3473] [PatchRoute] main loop: idx=0, remaining_operations=65, remaining_MS_rounds=4
2026-02-16 11:58:43,017 [INFO] [pid=3473] [PatchRoute] computing routing window: idx=0, rounds=[0,1), lookahead=1, window_len=1
2026-02-16 11:58:43,017 [INFO] [pid=3473] [PatchRoute] rechecked cache at idx=0 (rounds=[0,1)); old_blk_idx=0, old_blk_end=0, new_blk_end=4 ,cache_for_block length=0, new_cache_for_block length=0
2026-02-16 11:58:43,017 [INFO] [pid=3473] [PatchRoute] starting patch routing: rounds=1, total_gates=2, patch_size=3x4, tilings=3, BTs=None
2026-02-16 11:58:43,018 [INFO] [pid=3473] [PatchRoute] beginning tiling cycle 1; remaining_gates=2
2026-02-16 11:58:43,018 [INFO] [pid=3473] [PatchRoute] cycle 1 tiling 1/3 offset=(0,0) patches=1 remaining_before=2
2026-02-16 11:58:43,018 [INFO] [pid=3473] [PatchRoute] solving patch r[0:3] c[0:4] gates=2 per_round=[2] boundary_prefs=[{}], BTs=[{}]
2026-02-16 11:59:01,054 [INFO] [pid=3473] [PatchRoute] patch r[0:3] c[0:4] solved in 18.04s; moved_ions=5; details=ion 2: (0, 1)->(0, 2), ion 4: (0, 2)->(0, 1), ion 8: (1, 1)->(2, 1), ion 14: (2, 1)->(2, 2), ion 16: (2, 2)->(1, 1)
2026-02-16 11:59:01,054 [INFO] [pid=3473] [PatchRoute] completed tiling 1: solved_gates=2, remaining_gates=0
2026-02-16 11:59:01,054 [INFO] [pid=3473] [PatchRoute] completed cycle 1: solved=2, remaining=0
2026-02-16 11:59:01,054 [INFO] [pid=3473] [PatchRoute] finished patch routing successfully; all gates covered.
2026-02-16 11:59:01,054 [INFO] [pid=3473] [PatchRoute] patch routing window idx=0 produced 1 tiling steps (meta entries); block_offset=0, cache_for_block size=1
2026-02-16 11:59:01,054 [INFO] [pid=3473] [PatchRoute] built BTs for window idx=0: rounds=0, windows=0, pins=0, pinned_pairs=0
2026-02-16 11:59:01,054 [INFO] [pid=3473] [PatchRoute] idx=0: initialised tiling_step list with 1 entries (from_cache=False)
2026-02-16 11:59:01,054 [INFO] [pid=3473] [PatchRoute] idx=0: applying reconfiguration step; schedule_passes=2, solved_pairs=2, remaining_tiling_steps=0, using_cached_schedule=False
2026-02-16 11:59:01,056 [INFO] [pid=3473] [PatchRoute] idx=0: reconfiguration applied; delta_reconfigTime=0.000000, total_reconfigTime=0.000000, total_ops=1
2026-02-16 11:59:01,056 [INFO] [pid=3473] [PatchRoute] idx=0: executed 22 single-qubit ops; remaining_operations=43, total_ops=23
2026-02-16 11:59:01,056 [INFO] [pid=3473] [PatchRoute] idx=0: executed 2/2 two-qubit MS gates; remaining_operations=41, total_ops=25
2026-02-16 11:59:01,056 [INFO] [pid=3473] [PatchRoute] main loop: idx=1, remaining_operations=41, remaining_MS_rounds=3
2026-02-16 11:59:01,056 [INFO] [pid=3473] [PatchRoute] computing routing window: idx=1, rounds=[1,2), lookahead=1, window_len=1
2026-02-16 11:59:01,056 [INFO] [pid=3473] [PatchRoute] rechecked cache at idx=1 (rounds=[1,2)); old_blk_idx=1, old_blk_end=4, new_blk_end=3 ,cache_for_block length=1, new_cache_for_block length=0
2026-02-16 11:59:01,056 [INFO] [pid=3473] [PatchRoute] starting patch routing: rounds=1, total_gates=2, patch_size=3x4, tilings=3, BTs=[]
2026-02-16 11:59:01,056 [INFO] [pid=3473] [PatchRoute] beginning tiling cycle 1; remaining_gates=2
2026-02-16 11:59:01,056 [INFO] [pid=3473] [PatchRoute] cycle 1 tiling 1/3 offset=(0,0) patches=1 remaining_before=2
2026-02-16 11:59:01,056 [INFO] [pid=3473] [PatchRoute] solving patch r[0:3] c[0:4] gates=2 per_round=[2] boundary_prefs=[{}], BTs=[{}]
2026-02-16 11:59:19,202 [INFO] [pid=3473] [PatchRoute] patch r[0:3] c[0:4] solved in 18.15s; moved_ions=6; details=ion 1: (0, 0)->(0, 2), ion 4: (0, 1)->(0, 0), ion 2: (0, 2)->(0, 3), ion 5: (0, 3)->(1, 1), ion 7: (1, 0)->(0, 1), ion 16: (1, 1)->(1, 0)
2026-02-16 11:59:19,202 [INFO] [pid=3473] [PatchRoute] completed tiling 1: solved_gates=2, remaining_gates=0
2026-02-16 11:59:19,202 [INFO] [pid=3473] [PatchRoute] completed cycle 1: solved=2, remaining=0
2026-02-16 11:59:19,202 [INFO] [pid=3473] [PatchRoute] finished patch routing successfully; all gates covered.
2026-02-16 11:59:19,202 [INFO] [pid=3473] [PatchRoute] patch routing window idx=1 produced 1 tiling steps (meta entries); block_offset=1, cache_for_block size=2
2026-02-16 11:59:19,202 [INFO] [pid=3473] [PatchRoute] built BTs for window idx=1: rounds=0, windows=0, pins=0, pinned_pairs=0
2026-02-16 11:59:19,202 [INFO] [pid=3473] [PatchRoute] idx=1: initialised tiling_step list with 1 entries (from_cache=False)
2026-02-16 11:59:19,202 [INFO] [pid=3473] [PatchRoute] idx=1: applying reconfiguration step; schedule_passes=3, solved_pairs=2, remaining_tiling_steps=0, using_cached_schedule=False
2026-02-16 11:59:19,203 [INFO] [pid=3473] [PatchRoute] idx=1: reconfiguration applied; delta_reconfigTime=0.001014, total_reconfigTime=0.001014, total_ops=26
2026-02-16 11:59:19,204 [INFO] [pid=3473] [PatchRoute] idx=1: executed 8 single-qubit ops; remaining_operations=33, total_ops=34
2026-02-16 11:59:19,204 [INFO] [pid=3473] [PatchRoute] idx=1: executed 2/2 two-qubit MS gates; remaining_operations=31, total_ops=36
2026-02-16 11:59:19,204 [INFO] [pid=3473] [PatchRoute] main loop: idx=2, remaining_operations=31, remaining_MS_rounds=2
2026-02-16 11:59:19,204 [INFO] [pid=3473] [PatchRoute] computing routing window: idx=2, rounds=[2,3), lookahead=1, window_len=1
2026-02-16 11:59:19,204 [INFO] [pid=3473] [PatchRoute] rechecked cache at idx=2 (rounds=[2,3)); old_blk_idx=2, old_blk_end=4, new_blk_end=2 ,cache_for_block length=2, new_cache_for_block length=0
2026-02-16 11:59:19,204 [INFO] [pid=3473] [PatchRoute] starting patch routing: rounds=1, total_gates=2, patch_size=3x4, tilings=3, BTs=[]
2026-02-16 11:59:19,204 [INFO] [pid=3473] [PatchRoute] beginning tiling cycle 1; remaining_gates=2
2026-02-16 11:59:19,204 [INFO] [pid=3473] [PatchRoute] cycle 1 tiling 1/3 offset=(0,0) patches=1 remaining_before=2
2026-02-16 11:59:19,204 [INFO] [pid=3473] [PatchRoute] solving patch r[0:3] c[0:4] gates=2 per_round=[2] boundary_prefs=[{}], BTs=[{}]
2026-02-16 11:59:36,703 [INFO] [pid=3473] [PatchRoute] patch r[0:3] c[0:4] solved in 17.50s; moved_ions=11; details=ion 4: (0, 0)->(0, 2), ion 7: (0, 1)->(1, 0), ion 1: (0, 2)->(2, 3), ion 2: (0, 3)->(0, 1), ion 16: (1, 0)->(2, 1), ion 5: (1, 1)->(0, 0)
2026-02-16 11:59:36,703 [INFO] [pid=3473] [PatchRoute] completed tiling 1: solved_gates=2, remaining_gates=0
2026-02-16 11:59:36,703 [INFO] [pid=3473] [PatchRoute] completed cycle 1: solved=2, remaining=0
2026-02-16 11:59:36,703 [INFO] [pid=3473] [PatchRoute] finished patch routing successfully; all gates covered.
2026-02-16 11:59:36,703 [INFO] [pid=3473] [PatchRoute] patch routing window idx=2 produced 1 tiling steps (meta entries); block_offset=2, cache_for_block size=3
2026-02-16 11:59:36,703 [INFO] [pid=3473] [PatchRoute] built BTs for window idx=2: rounds=0, windows=0, pins=0, pinned_pairs=0
2026-02-16 11:59:36,703 [INFO] [pid=3473] [PatchRoute] idx=2: initialised tiling_step list with 1 entries (from_cache=False)
2026-02-16 11:59:36,703 [INFO] [pid=3473] [PatchRoute] idx=2: applying reconfiguration step; schedule_passes=4, solved_pairs=2, remaining_tiling_steps=0, using_cached_schedule=False
2026-02-16 11:59:36,704 [INFO] [pid=3473] [PatchRoute] idx=2: reconfiguration applied; delta_reconfigTime=0.001524, total_reconfigTime=0.002538, total_ops=37
2026-02-16 11:59:36,705 [INFO] [pid=3473] [PatchRoute] idx=2: executed 10 single-qubit ops; remaining_operations=21, total_ops=47
2026-02-16 11:59:36,705 [INFO] [pid=3473] [PatchRoute] idx=2: executed 2/2 two-qubit MS gates; remaining_operations=19, total_ops=49
2026-02-16 11:59:36,705 [INFO] [pid=3473] [PatchRoute] main loop: idx=3, remaining_operations=19, remaining_MS_rounds=1
2026-02-16 11:59:36,705 [INFO] [pid=3473] [PatchRoute] computing routing window: idx=3, rounds=[3,4), lookahead=1, window_len=1
2026-02-16 11:59:36,705 [INFO] [pid=3473] [PatchRoute] rechecked cache at idx=3 (rounds=[3,4)); old_blk_idx=3, old_blk_end=4, new_blk_end=1 ,cache_for_block length=3, new_cache_for_block length=0
2026-02-16 11:59:36,705 [INFO] [pid=3473] [PatchRoute] starting patch routing: rounds=1, total_gates=2, patch_size=3x4, tilings=3, BTs=[]
2026-02-16 11:59:36,705 [INFO] [pid=3473] [PatchRoute] beginning tiling cycle 1; remaining_gates=2
2026-02-16 11:59:36,705 [INFO] [pid=3473] [PatchRoute] cycle 1 tiling 1/3 offset=(0,0) patches=1 remaining_before=2
2026-02-16 11:59:36,705 [INFO] [pid=3473] [PatchRoute] solving patch r[0:3] c[0:4] gates=2 per_round=[2] boundary_prefs=[{}], BTs=[{}]
2026-02-16 11:59:53,986 [INFO] [pid=3473] [PatchRoute] patch r[0:3] c[0:4] solved in 17.28s; moved_ions=4; details=ion 5: (0, 0)->(1, 0), ion 7: (1, 0)->(0, 0), ion 14: (1, 1)->(2, 1), ion 16: (2, 1)->(1, 1)
2026-02-16 11:59:53,986 [INFO] [pid=3473] [PatchRoute] completed tiling 1: solved_gates=2, remaining_gates=0
2026-02-16 11:59:53,986 [INFO] [pid=3473] [PatchRoute] completed cycle 1: solved=2, remaining=0
2026-02-16 11:59:53,986 [INFO] [pid=3473] [PatchRoute] finished patch routing successfully; all gates covered.
2026-02-16 11:59:53,986 [INFO] [pid=3473] [PatchRoute] patch routing window idx=3 produced 1 tiling steps (meta entries); block_offset=3, cache_for_block size=4
2026-02-16 11:59:53,986 [INFO] [pid=3473] [PatchRoute] built BTs for window idx=3: rounds=0, windows=0, pins=0, pinned_pairs=0
2026-02-16 11:59:53,986 [INFO] [pid=3473] [PatchRoute] idx=3: initialised tiling_step list with 1 entries (from_cache=False)
2026-02-16 11:59:53,986 [INFO] [pid=3473] [PatchRoute] idx=3: applying reconfiguration step; schedule_passes=2, solved_pairs=2, remaining_tiling_steps=0, using_cached_schedule=False
2026-02-16 11:59:53,988 [INFO] [pid=3473] [PatchRoute] idx=3: reconfiguration applied; delta_reconfigTime=0.001100, total_reconfigTime=0.003638, total_ops=50
2026-02-16 11:59:53,988 [INFO] [pid=3473] [PatchRoute] idx=3: executed 7 single-qubit ops; remaining_operations=12, total_ops=57
2026-02-16 11:59:53,988 [INFO] [pid=3473] [PatchRoute] idx=3: executed 2/2 two-qubit MS gates; remaining_operations=10, total_ops=59
2026-02-16 11:59:53,988 [INFO] [pid=3473] [PatchRoute] main loop: idx=4, remaining_operations=10, remaining_MS_rounds=0
2026-02-16 11:59:53,988 [INFO] [pid=3473] [PatchRoute] idx=4: executed 10 single-qubit ops; remaining_operations=0, total_ops=69
2026-02-16 12:03:16,690 [INFO] [pid=5859] [PatchRoute] ionRoutingWISEArch: ops=65, MS_rounds=4, lookahead=1, subgrid=(4,3,0), active_ions=7
2026-02-16 12:03:16,690 [INFO] [pid=5859] [PatchRoute] main loop: idx=0, remaining_operations=65, remaining_MS_rounds=4
2026-02-16 12:03:16,690 [INFO] [pid=5859] [PatchRoute] computing routing window: idx=0, rounds=[0,1), lookahead=1, window_len=1
2026-02-16 12:03:16,690 [INFO] [pid=5859] [PatchRoute] rechecked cache at idx=0 (rounds=[0,1)); old_blk_idx=0, old_blk_end=0, new_blk_end=4 ,cache_for_block length=0, new_cache_for_block length=0
2026-02-16 12:03:16,690 [INFO] [pid=5859] [PatchRoute] starting patch routing: rounds=1, total_gates=2, patch_size=3x4, tilings=3, BTs=None
2026-02-16 12:03:16,690 [INFO] [pid=5859] [PatchRoute] beginning tiling cycle 1; remaining_gates=2
2026-02-16 12:03:16,690 [INFO] [pid=5859] [PatchRoute] cycle 1 tiling 1/3 offset=(0,0) patches=1 remaining_before=2
2026-02-16 12:03:16,690 [INFO] [pid=5859] [PatchRoute] solving patch r[0:3] c[0:4] gates=2 per_round=[2] boundary_prefs=[{}], BTs=[{}]
2026-02-16 12:03:32,942 [INFO] [pid=5859] [PatchRoute] patch r[0:3] c[0:4] solved in 16.25s; moved_ions=5; details=ion 2: (0, 1)->(0, 2), ion 4: (0, 2)->(0, 1), ion 8: (1, 1)->(2, 1), ion 14: (2, 1)->(2, 2), ion 16: (2, 2)->(1, 1)
2026-02-16 12:03:32,942 [INFO] [pid=5859] [PatchRoute] completed tiling 1: solved_gates=2, remaining_gates=0
2026-02-16 12:03:32,942 [INFO] [pid=5859] [PatchRoute] completed cycle 1: solved=2, remaining=0
2026-02-16 12:03:32,942 [INFO] [pid=5859] [PatchRoute] finished patch routing successfully; all gates covered.
2026-02-16 12:03:32,942 [INFO] [pid=5859] [PatchRoute] patch routing window idx=0 produced 1 tiling steps (meta entries); block_offset=0, cache_for_block size=1
2026-02-16 12:03:32,942 [INFO] [pid=5859] [PatchRoute] built BTs for window idx=0: rounds=0, windows=0, pins=0, pinned_pairs=0
2026-02-16 12:03:32,942 [INFO] [pid=5859] [PatchRoute] idx=0: initialised tiling_step list with 1 entries (from_cache=False)
2026-02-16 12:03:32,942 [INFO] [pid=5859] [PatchRoute] idx=0: applying reconfiguration step; schedule_passes=2, solved_pairs=2, remaining_tiling_steps=0, using_cached_schedule=False
2026-02-16 12:03:32,944 [INFO] [pid=5859] [PatchRoute] idx=0: reconfiguration applied; delta_reconfigTime=0.000000, total_reconfigTime=0.000000, total_ops=1
2026-02-16 12:03:32,944 [INFO] [pid=5859] [PatchRoute] idx=0: executed 22 single-qubit ops; remaining_operations=43, total_ops=23
2026-02-16 12:03:32,944 [INFO] [pid=5859] [PatchRoute] idx=0: executed 2/2 two-qubit MS gates; remaining_operations=41, total_ops=25
2026-02-16 12:03:32,944 [INFO] [pid=5859] [PatchRoute] main loop: idx=1, remaining_operations=41, remaining_MS_rounds=3
2026-02-16 12:03:32,944 [INFO] [pid=5859] [PatchRoute] computing routing window: idx=1, rounds=[1,2), lookahead=1, window_len=1
2026-02-16 12:03:32,944 [INFO] [pid=5859] [PatchRoute] rechecked cache at idx=1 (rounds=[1,2)); old_blk_idx=1, old_blk_end=4, new_blk_end=3 ,cache_for_block length=1, new_cache_for_block length=0
2026-02-16 12:03:32,944 [INFO] [pid=5859] [PatchRoute] starting patch routing: rounds=1, total_gates=2, patch_size=3x4, tilings=3, BTs=[]
2026-02-16 12:03:32,944 [INFO] [pid=5859] [PatchRoute] beginning tiling cycle 1; remaining_gates=2
2026-02-16 12:03:32,944 [INFO] [pid=5859] [PatchRoute] cycle 1 tiling 1/3 offset=(0,0) patches=1 remaining_before=2
2026-02-16 12:03:32,944 [INFO] [pid=5859] [PatchRoute] solving patch r[0:3] c[0:4] gates=2 per_round=[2] boundary_prefs=[{}], BTs=[{}]
2026-02-16 12:03:48,243 [INFO] [pid=5859] [PatchRoute] patch r[0:3] c[0:4] solved in 15.30s; moved_ions=6; details=ion 1: (0, 0)->(0, 2), ion 4: (0, 1)->(0, 0), ion 2: (0, 2)->(0, 3), ion 5: (0, 3)->(1, 1), ion 7: (1, 0)->(0, 1), ion 16: (1, 1)->(1, 0)
2026-02-16 12:03:48,243 [INFO] [pid=5859] [PatchRoute] completed tiling 1: solved_gates=2, remaining_gates=0
2026-02-16 12:03:48,243 [INFO] [pid=5859] [PatchRoute] completed cycle 1: solved=2, remaining=0
2026-02-16 12:03:48,243 [INFO] [pid=5859] [PatchRoute] finished patch routing successfully; all gates covered.
2026-02-16 12:03:48,243 [INFO] [pid=5859] [PatchRoute] patch routing window idx=1 produced 1 tiling steps (meta entries); block_offset=1, cache_for_block size=2
2026-02-16 12:03:48,243 [INFO] [pid=5859] [PatchRoute] built BTs for window idx=1: rounds=0, windows=0, pins=0, pinned_pairs=0
2026-02-16 12:03:48,243 [INFO] [pid=5859] [PatchRoute] idx=1: initialised tiling_step list with 1 entries (from_cache=False)
2026-02-16 12:03:48,243 [INFO] [pid=5859] [PatchRoute] idx=1: applying reconfiguration step; schedule_passes=3, solved_pairs=2, remaining_tiling_steps=0, using_cached_schedule=False
2026-02-16 12:03:48,245 [INFO] [pid=5859] [PatchRoute] idx=1: reconfiguration applied; delta_reconfigTime=0.001014, total_reconfigTime=0.001014, total_ops=26
2026-02-16 12:03:48,245 [INFO] [pid=5859] [PatchRoute] idx=1: executed 8 single-qubit ops; remaining_operations=33, total_ops=34
2026-02-16 12:03:48,245 [INFO] [pid=5859] [PatchRoute] idx=1: executed 2/2 two-qubit MS gates; remaining_operations=31, total_ops=36
2026-02-16 12:03:48,245 [INFO] [pid=5859] [PatchRoute] main loop: idx=2, remaining_operations=31, remaining_MS_rounds=2
2026-02-16 12:03:48,245 [INFO] [pid=5859] [PatchRoute] computing routing window: idx=2, rounds=[2,3), lookahead=1, window_len=1
2026-02-16 12:03:48,245 [INFO] [pid=5859] [PatchRoute] rechecked cache at idx=2 (rounds=[2,3)); old_blk_idx=2, old_blk_end=4, new_blk_end=2 ,cache_for_block length=2, new_cache_for_block length=0
2026-02-16 12:03:48,245 [INFO] [pid=5859] [PatchRoute] starting patch routing: rounds=1, total_gates=2, patch_size=3x4, tilings=3, BTs=[]
2026-02-16 12:03:48,245 [INFO] [pid=5859] [PatchRoute] beginning tiling cycle 1; remaining_gates=2
2026-02-16 12:03:48,245 [INFO] [pid=5859] [PatchRoute] cycle 1 tiling 1/3 offset=(0,0) patches=1 remaining_before=2
2026-02-16 12:03:48,245 [INFO] [pid=5859] [PatchRoute] solving patch r[0:3] c[0:4] gates=2 per_round=[2] boundary_prefs=[{}], BTs=[{}]
2026-02-16 12:04:03,793 [INFO] [pid=5859] [PatchRoute] patch r[0:3] c[0:4] solved in 15.55s; moved_ions=11; details=ion 4: (0, 0)->(0, 2), ion 7: (0, 1)->(1, 0), ion 1: (0, 2)->(2, 3), ion 2: (0, 3)->(0, 1), ion 16: (1, 0)->(2, 1), ion 5: (1, 1)->(0, 0)
2026-02-16 12:04:03,794 [INFO] [pid=5859] [PatchRoute] completed tiling 1: solved_gates=2, remaining_gates=0
2026-02-16 12:04:03,794 [INFO] [pid=5859] [PatchRoute] completed cycle 1: solved=2, remaining=0
2026-02-16 12:04:03,794 [INFO] [pid=5859] [PatchRoute] finished patch routing successfully; all gates covered.
2026-02-16 12:04:03,794 [INFO] [pid=5859] [PatchRoute] patch routing window idx=2 produced 1 tiling steps (meta entries); block_offset=2, cache_for_block size=3
2026-02-16 12:04:03,794 [INFO] [pid=5859] [PatchRoute] built BTs for window idx=2: rounds=0, windows=0, pins=0, pinned_pairs=0
2026-02-16 12:04:03,794 [INFO] [pid=5859] [PatchRoute] idx=2: initialised tiling_step list with 1 entries (from_cache=False)
2026-02-16 12:04:03,794 [INFO] [pid=5859] [PatchRoute] idx=2: applying reconfiguration step; schedule_passes=4, solved_pairs=2, remaining_tiling_steps=0, using_cached_schedule=False
2026-02-16 12:04:03,796 [INFO] [pid=5859] [PatchRoute] idx=2: reconfiguration applied; delta_reconfigTime=0.001524, total_reconfigTime=0.002538, total_ops=37
2026-02-16 12:04:03,796 [INFO] [pid=5859] [PatchRoute] idx=2: executed 10 single-qubit ops; remaining_operations=21, total_ops=47
2026-02-16 12:04:03,796 [INFO] [pid=5859] [PatchRoute] idx=2: executed 2/2 two-qubit MS gates; remaining_operations=19, total_ops=49
2026-02-16 12:04:03,796 [INFO] [pid=5859] [PatchRoute] main loop: idx=3, remaining_operations=19, remaining_MS_rounds=1
2026-02-16 12:04:03,796 [INFO] [pid=5859] [PatchRoute] computing routing window: idx=3, rounds=[3,4), lookahead=1, window_len=1
2026-02-16 12:04:03,796 [INFO] [pid=5859] [PatchRoute] rechecked cache at idx=3 (rounds=[3,4)); old_blk_idx=3, old_blk_end=4, new_blk_end=1 ,cache_for_block length=3, new_cache_for_block length=0
2026-02-16 12:04:03,796 [INFO] [pid=5859] [PatchRoute] starting patch routing: rounds=1, total_gates=2, patch_size=3x4, tilings=3, BTs=[]
2026-02-16 12:04:03,796 [INFO] [pid=5859] [PatchRoute] beginning tiling cycle 1; remaining_gates=2
2026-02-16 12:04:03,796 [INFO] [pid=5859] [PatchRoute] cycle 1 tiling 1/3 offset=(0,0) patches=1 remaining_before=2
2026-02-16 12:04:03,796 [INFO] [pid=5859] [PatchRoute] solving patch r[0:3] c[0:4] gates=2 per_round=[2] boundary_prefs=[{}], BTs=[{}]
2026-02-16 12:04:24,933 [INFO] [pid=5859] [PatchRoute] patch r[0:3] c[0:4] solved in 21.14s; moved_ions=4; details=ion 5: (0, 0)->(1, 0), ion 7: (1, 0)->(0, 0), ion 14: (1, 1)->(2, 1), ion 16: (2, 1)->(1, 1)
2026-02-16 12:04:24,933 [INFO] [pid=5859] [PatchRoute] completed tiling 1: solved_gates=2, remaining_gates=0
2026-02-16 12:04:24,933 [INFO] [pid=5859] [PatchRoute] completed cycle 1: solved=2, remaining=0
2026-02-16 12:04:24,933 [INFO] [pid=5859] [PatchRoute] finished patch routing successfully; all gates covered.
2026-02-16 12:04:24,933 [INFO] [pid=5859] [PatchRoute] patch routing window idx=3 produced 1 tiling steps (meta entries); block_offset=3, cache_for_block size=4
2026-02-16 12:04:24,933 [INFO] [pid=5859] [PatchRoute] built BTs for window idx=3: rounds=0, windows=0, pins=0, pinned_pairs=0
2026-02-16 12:04:24,933 [INFO] [pid=5859] [PatchRoute] idx=3: initialised tiling_step list with 1 entries (from_cache=False)
2026-02-16 12:04:24,933 [INFO] [pid=5859] [PatchRoute] idx=3: applying reconfiguration step; schedule_passes=2, solved_pairs=2, remaining_tiling_steps=0, using_cached_schedule=False
2026-02-16 12:04:24,935 [INFO] [pid=5859] [PatchRoute] idx=3: reconfiguration applied; delta_reconfigTime=0.001100, total_reconfigTime=0.003638, total_ops=50
2026-02-16 12:04:24,935 [INFO] [pid=5859] [PatchRoute] idx=3: executed 7 single-qubit ops; remaining_operations=12, total_ops=57
2026-02-16 12:04:24,935 [INFO] [pid=5859] [PatchRoute] idx=3: executed 2/2 two-qubit MS gates; remaining_operations=10, total_ops=59
2026-02-16 12:04:24,935 [INFO] [pid=5859] [PatchRoute] main loop: idx=4, remaining_operations=10, remaining_MS_rounds=0
2026-02-16 12:04:24,935 [INFO] [pid=5859] [PatchRoute] idx=4: executed 10 single-qubit ops; remaining_operations=0, total_ops=69
2026-02-16 12:36:53,476 [INFO] [pid=31666] [PatchRoute] ionRoutingWISEArch: ops=65, MS_rounds=4, lookahead=4, subgrid=(4,3,0), active_ions=7
2026-02-16 12:36:53,476 [INFO] [pid=31666] [PatchRoute] main loop: idx=0, remaining_operations=65, remaining_MS_rounds=4
2026-02-16 12:36:53,476 [INFO] [pid=31666] [PatchRoute] computing routing window: idx=0, rounds=[0,4), lookahead=4, window_len=4
2026-02-16 12:36:53,476 [INFO] [pid=31666] [PatchRoute] rechecked cache at idx=0 (rounds=[0,4)); old_blk_idx=0, old_blk_end=0, new_blk_end=4 ,cache_for_block length=0, new_cache_for_block length=0
2026-02-16 12:36:53,476 [INFO] [pid=31666] [PatchRoute] starting patch routing: rounds=4, total_gates=8, patch_size=3x4, tilings=3, BTs=None
2026-02-16 12:36:53,476 [INFO] [pid=31666] [PatchRoute] beginning tiling cycle 1; remaining_gates=8
2026-02-16 12:36:53,476 [INFO] [pid=31666] [PatchRoute] cycle 1 tiling 1/3 offset=(0,0) patches=1 remaining_before=8
2026-02-16 12:36:53,476 [INFO] [pid=31666] [PatchRoute] solving patch r[0:3] c[0:4] gates=8 per_round=[2, 2, 2, 2] boundary_prefs=[{}, {}, {}, {}], BTs=[{}, {}, {}, {}]
2026-02-16 12:37:15,048 [INFO] [pid=31666] [PatchRoute] patch r[0:3] c[0:4] solved in 21.57s; moved_ions=6; details=ion 2: (0, 1)->(2, 2), ion 4: (0, 2)->(0, 1), ion 8: (1, 1)->(2, 1), ion 10: (1, 2)->(0, 2), ion 14: (2, 1)->(1, 2), ion 16: (2, 2)->(1, 1)
2026-02-16 12:37:15,048 [INFO] [pid=31666] [PatchRoute] completed tiling 1: solved_gates=8, remaining_gates=0
2026-02-16 12:37:15,048 [INFO] [pid=31666] [PatchRoute] completed cycle 1: solved=8, remaining=0
2026-02-16 12:37:15,048 [INFO] [pid=31666] [PatchRoute] finished patch routing successfully; all gates covered.
2026-02-16 12:37:15,048 [INFO] [pid=31666] [PatchRoute] patch routing window idx=0 produced 1 tiling steps (meta entries); block_offset=0, cache_for_block size=1
2026-02-16 12:37:15,048 [INFO] [pid=31666] [PatchRoute] built BTs for window idx=0: rounds=3, windows=3, pins=21, pinned_pairs=6
2026-02-16 12:37:15,048 [INFO] [pid=31666] [PatchRoute] idx=0: initialised tiling_step list with 1 entries (from_cache=False)
2026-02-16 12:37:15,048 [INFO] [pid=31666] [PatchRoute] idx=0: applying reconfiguration step; schedule_passes=3, solved_pairs=2, remaining_tiling_steps=0, using_cached_schedule=False
2026-02-16 12:37:15,049 [INFO] [pid=31666] [PatchRoute] idx=0: reconfiguration applied; delta_reconfigTime=0.000000, total_reconfigTime=0.000000, total_ops=1
2026-02-16 12:37:15,049 [INFO] [pid=31666] [PatchRoute] idx=0: executed 22 single-qubit ops; remaining_operations=43, total_ops=23
2026-02-16 12:37:15,050 [INFO] [pid=31666] [PatchRoute] idx=0: executed 2/2 two-qubit MS gates; remaining_operations=41, total_ops=25
2026-02-16 12:37:15,050 [INFO] [pid=31666] [PatchRoute] main loop: idx=1, remaining_operations=41, remaining_MS_rounds=3
2026-02-16 12:37:15,050 [INFO] [pid=31666] [PatchRoute] idx=1: initialised tiling_step list with 1 entries (from_cache=False)
2026-02-16 12:37:15,050 [INFO] [pid=31666] [PatchRoute] idx=1: applying reconfiguration step; schedule_passes=3, solved_pairs=2, remaining_tiling_steps=0, using_cached_schedule=False
2026-02-16 12:37:15,051 [INFO] [pid=31666] [PatchRoute] idx=1: reconfiguration applied; delta_reconfigTime=0.001312, total_reconfigTime=0.001312, total_ops=26
2026-02-16 12:37:15,051 [INFO] [pid=31666] [PatchRoute] idx=1: executed 8 single-qubit ops; remaining_operations=33, total_ops=34
2026-02-16 12:37:15,051 [INFO] [pid=31666] [PatchRoute] idx=1: executed 2/2 two-qubit MS gates; remaining_operations=31, total_ops=36
2026-02-16 12:37:15,051 [INFO] [pid=31666] [PatchRoute] main loop: idx=2, remaining_operations=31, remaining_MS_rounds=2
2026-02-16 12:37:15,051 [INFO] [pid=31666] [PatchRoute] idx=2: initialised tiling_step list with 1 entries (from_cache=False)
2026-02-16 12:37:15,051 [INFO] [pid=31666] [PatchRoute] idx=2: applying reconfiguration step; schedule_passes=1, solved_pairs=2, remaining_tiling_steps=0, using_cached_schedule=False
2026-02-16 12:37:15,052 [INFO] [pid=31666] [PatchRoute] idx=2: reconfiguration applied; delta_reconfigTime=0.000292, total_reconfigTime=0.001604, total_ops=37
2026-02-16 12:37:15,052 [INFO] [pid=31666] [PatchRoute] idx=2: executed 10 single-qubit ops; remaining_operations=21, total_ops=47
2026-02-16 12:37:15,052 [INFO] [pid=31666] [PatchRoute] idx=2: executed 2/2 two-qubit MS gates; remaining_operations=19, total_ops=49
2026-02-16 12:37:15,052 [INFO] [pid=31666] [PatchRoute] main loop: idx=3, remaining_operations=19, remaining_MS_rounds=1
2026-02-16 12:37:15,052 [INFO] [pid=31666] [PatchRoute] idx=3: initialised tiling_step list with 1 entries (from_cache=False)
2026-02-16 12:37:15,052 [INFO] [pid=31666] [PatchRoute] idx=3: applying reconfiguration step; schedule_passes=2, solved_pairs=2, remaining_tiling_steps=0, using_cached_schedule=False
2026-02-16 12:37:15,053 [INFO] [pid=31666] [PatchRoute] idx=3: reconfiguration applied; delta_reconfigTime=0.001100, total_reconfigTime=0.002704, total_ops=50
2026-02-16 12:37:15,053 [INFO] [pid=31666] [PatchRoute] idx=3: executed 7 single-qubit ops; remaining_operations=12, total_ops=57
2026-02-16 12:37:15,053 [INFO] [pid=31666] [PatchRoute] idx=3: executed 2/2 two-qubit MS gates; remaining_operations=10, total_ops=59
2026-02-16 12:37:15,053 [INFO] [pid=31666] [PatchRoute] main loop: idx=4, remaining_operations=10, remaining_MS_rounds=0
2026-02-16 12:37:15,053 [INFO] [pid=31666] [PatchRoute] idx=4: executed 10 single-qubit ops; remaining_operations=0, total_ops=69
2026-02-16 12:38:17,626 [INFO] [pid=32317] [PatchRoute] ionRoutingWISEArch: ops=65, MS_rounds=4, lookahead=4, subgrid=(4,3,0), active_ions=7
2026-02-16 12:38:17,626 [INFO] [pid=32317] [PatchRoute] main loop: idx=0, remaining_operations=65, remaining_MS_rounds=4
2026-02-16 12:38:17,626 [INFO] [pid=32317] [PatchRoute] computing routing window: idx=0, rounds=[0,4), lookahead=4, window_len=4
2026-02-16 12:38:17,626 [INFO] [pid=32317] [PatchRoute] rechecked cache at idx=0 (rounds=[0,4)); old_blk_idx=0, old_blk_end=0, new_blk_end=4 ,cache_for_block length=0, new_cache_for_block length=0
2026-02-16 12:38:17,626 [INFO] [pid=32317] [PatchRoute] starting patch routing: rounds=4, total_gates=8, patch_size=3x4, tilings=3, BTs=None
2026-02-16 12:38:17,626 [INFO] [pid=32317] [PatchRoute] beginning tiling cycle 1; remaining_gates=8
2026-02-16 12:38:17,626 [INFO] [pid=32317] [PatchRoute] cycle 1 tiling 1/3 offset=(0,0) patches=1 remaining_before=8
2026-02-16 12:38:17,626 [INFO] [pid=32317] [PatchRoute] solving patch r[0:3] c[0:4] gates=8 per_round=[2, 2, 2, 2] boundary_prefs=[{}, {}, {}, {}], BTs=[{}, {}, {}, {}]
2026-02-16 12:38:38,861 [INFO] [pid=32317] [PatchRoute] patch r[0:3] c[0:4] solved in 21.23s; moved_ions=6; details=ion 2: (0, 1)->(2, 2), ion 4: (0, 2)->(0, 1), ion 8: (1, 1)->(2, 1), ion 10: (1, 2)->(0, 2), ion 14: (2, 1)->(1, 2), ion 16: (2, 2)->(1, 1)
2026-02-16 12:38:38,861 [INFO] [pid=32317] [PatchRoute] completed tiling 1: solved_gates=8, remaining_gates=0
2026-02-16 12:38:38,861 [INFO] [pid=32317] [PatchRoute] completed cycle 1: solved=8, remaining=0
2026-02-16 12:38:38,861 [INFO] [pid=32317] [PatchRoute] finished patch routing successfully; all gates covered.
2026-02-16 12:38:38,861 [INFO] [pid=32317] [PatchRoute] patch routing window idx=0 produced 1 tiling steps (meta entries); block_offset=0, cache_for_block size=1
2026-02-16 12:38:38,861 [INFO] [pid=32317] [PatchRoute] built BTs for window idx=0: rounds=3, windows=3, pins=21, pinned_pairs=6
2026-02-16 12:38:38,861 [INFO] [pid=32317] [PatchRoute] idx=0: initialised tiling_step list with 1 entries (from_cache=False)
2026-02-16 12:38:38,861 [INFO] [pid=32317] [PatchRoute] idx=0: applying reconfiguration step; schedule_passes=3, solved_pairs=2, remaining_tiling_steps=0, using_cached_schedule=False
2026-02-16 12:38:38,862 [INFO] [pid=32317] [PatchRoute] idx=0: reconfiguration applied; delta_reconfigTime=0.000000, total_reconfigTime=0.000000, total_ops=1
2026-02-16 12:38:38,863 [INFO] [pid=32317] [PatchRoute] idx=0: executed 22 single-qubit ops; remaining_operations=43, total_ops=23
2026-02-16 12:38:38,863 [INFO] [pid=32317] [PatchRoute] idx=0: executed 2/2 two-qubit MS gates; remaining_operations=41, total_ops=25
2026-02-16 12:38:38,863 [INFO] [pid=32317] [PatchRoute] main loop: idx=1, remaining_operations=41, remaining_MS_rounds=3
2026-02-16 12:38:38,863 [INFO] [pid=32317] [PatchRoute] idx=1: initialised tiling_step list with 1 entries (from_cache=False)
2026-02-16 12:38:38,863 [INFO] [pid=32317] [PatchRoute] idx=1: applying reconfiguration step; schedule_passes=3, solved_pairs=2, remaining_tiling_steps=0, using_cached_schedule=False
2026-02-16 12:38:38,864 [INFO] [pid=32317] [PatchRoute] idx=1: reconfiguration applied; delta_reconfigTime=0.001312, total_reconfigTime=0.001312, total_ops=26
2026-02-16 12:38:38,864 [INFO] [pid=32317] [PatchRoute] idx=1: executed 8 single-qubit ops; remaining_operations=33, total_ops=34
2026-02-16 12:38:38,864 [INFO] [pid=32317] [PatchRoute] idx=1: executed 2/2 two-qubit MS gates; remaining_operations=31, total_ops=36
2026-02-16 12:38:38,864 [INFO] [pid=32317] [PatchRoute] main loop: idx=2, remaining_operations=31, remaining_MS_rounds=2
2026-02-16 12:38:38,864 [INFO] [pid=32317] [PatchRoute] idx=2: initialised tiling_step list with 1 entries (from_cache=False)
2026-02-16 12:38:38,864 [INFO] [pid=32317] [PatchRoute] idx=2: applying reconfiguration step; schedule_passes=1, solved_pairs=2, remaining_tiling_steps=0, using_cached_schedule=False
2026-02-16 12:38:38,865 [INFO] [pid=32317] [PatchRoute] idx=2: reconfiguration applied; delta_reconfigTime=0.000292, total_reconfigTime=0.001604, total_ops=37
2026-02-16 12:38:38,865 [INFO] [pid=32317] [PatchRoute] idx=2: executed 10 single-qubit ops; remaining_operations=21, total_ops=47
2026-02-16 12:38:38,865 [INFO] [pid=32317] [PatchRoute] idx=2: executed 2/2 two-qubit MS gates; remaining_operations=19, total_ops=49
2026-02-16 12:38:38,865 [INFO] [pid=32317] [PatchRoute] main loop: idx=3, remaining_operations=19, remaining_MS_rounds=1
2026-02-16 12:38:38,865 [INFO] [pid=32317] [PatchRoute] idx=3: initialised tiling_step list with 1 entries (from_cache=False)
2026-02-16 12:38:38,865 [INFO] [pid=32317] [PatchRoute] idx=3: applying reconfiguration step; schedule_passes=2, solved_pairs=2, remaining_tiling_steps=0, using_cached_schedule=False
2026-02-16 12:38:38,866 [INFO] [pid=32317] [PatchRoute] idx=3: reconfiguration applied; delta_reconfigTime=0.001100, total_reconfigTime=0.002704, total_ops=50
2026-02-16 12:38:38,866 [INFO] [pid=32317] [PatchRoute] idx=3: executed 7 single-qubit ops; remaining_operations=12, total_ops=57
2026-02-16 12:38:38,866 [INFO] [pid=32317] [PatchRoute] idx=3: executed 2/2 two-qubit MS gates; remaining_operations=10, total_ops=59
2026-02-16 12:38:38,866 [INFO] [pid=32317] [PatchRoute] main loop: idx=4, remaining_operations=10, remaining_MS_rounds=0
2026-02-16 12:38:38,866 [INFO] [pid=32317] [PatchRoute] idx=4: executed 10 single-qubit ops; remaining_operations=0, total_ops=69
2026-02-16 12:39:54,849 [INFO] [pid=34088] [PatchRoute] ionRoutingWISEArch: ops=65, MS_rounds=4, lookahead=4, subgrid=(4,3,0), active_ions=7
2026-02-16 12:39:54,849 [INFO] [pid=34088] [PatchRoute] main loop: idx=0, remaining_operations=65, remaining_MS_rounds=4
2026-02-16 12:39:54,849 [INFO] [pid=34088] [PatchRoute] computing routing window: idx=0, rounds=[0,4), lookahead=4, window_len=4
2026-02-16 12:39:54,849 [INFO] [pid=34088] [PatchRoute] rechecked cache at idx=0 (rounds=[0,4)); old_blk_idx=0, old_blk_end=0, new_blk_end=4 ,cache_for_block length=0, new_cache_for_block length=0
2026-02-16 12:39:54,849 [INFO] [pid=34088] [PatchRoute] starting patch routing: rounds=4, total_gates=8, patch_size=3x4, tilings=3, BTs=None
2026-02-16 12:39:54,849 [INFO] [pid=34088] [PatchRoute] beginning tiling cycle 1; remaining_gates=8
2026-02-16 12:39:54,849 [INFO] [pid=34088] [PatchRoute] cycle 1 tiling 1/3 offset=(0,0) patches=1 remaining_before=8
2026-02-16 12:39:54,849 [INFO] [pid=34088] [PatchRoute] solving patch r[0:3] c[0:4] gates=8 per_round=[2, 2, 2, 2] boundary_prefs=[{}, {}, {}, {}], BTs=[{}, {}, {}, {}]
2026-02-16 12:40:15,061 [INFO] [pid=34088] [PatchRoute] patch r[0:3] c[0:4] solved in 20.21s; moved_ions=6; details=ion 2: (0, 1)->(2, 2), ion 4: (0, 2)->(0, 1), ion 8: (1, 1)->(2, 1), ion 10: (1, 2)->(0, 2), ion 14: (2, 1)->(1, 2), ion 16: (2, 2)->(1, 1)
2026-02-16 12:40:15,061 [INFO] [pid=34088] [PatchRoute] completed tiling 1: solved_gates=8, remaining_gates=0
2026-02-16 12:40:15,061 [INFO] [pid=34088] [PatchRoute] completed cycle 1: solved=8, remaining=0
2026-02-16 12:40:15,061 [INFO] [pid=34088] [PatchRoute] finished patch routing successfully; all gates covered.
2026-02-16 12:40:15,061 [INFO] [pid=34088] [PatchRoute] patch routing window idx=0 produced 1 tiling steps (meta entries); block_offset=0, cache_for_block size=1
2026-02-16 12:40:15,061 [INFO] [pid=34088] [PatchRoute] built BTs for window idx=0: rounds=3, windows=3, pins=21, pinned_pairs=6
2026-02-16 12:40:15,061 [INFO] [pid=34088] [PatchRoute] idx=0: initialised tiling_step list with 1 entries (from_cache=False)
2026-02-16 12:40:15,061 [INFO] [pid=34088] [PatchRoute] idx=0: applying reconfiguration step; schedule_passes=3, solved_pairs=2, remaining_tiling_steps=0, using_cached_schedule=False
2026-02-16 12:40:15,062 [INFO] [pid=34088] [PatchRoute] idx=0: reconfiguration applied; delta_reconfigTime=0.000000, total_reconfigTime=0.000000, total_ops=1
2026-02-16 12:40:15,063 [INFO] [pid=34088] [PatchRoute] idx=0: executed 22 single-qubit ops; remaining_operations=43, total_ops=23
2026-02-16 12:40:15,063 [INFO] [pid=34088] [PatchRoute] idx=0: executed 2/2 two-qubit MS gates; remaining_operations=41, total_ops=25
2026-02-16 12:40:15,063 [INFO] [pid=34088] [PatchRoute] main loop: idx=1, remaining_operations=41, remaining_MS_rounds=3
2026-02-16 12:40:15,063 [INFO] [pid=34088] [PatchRoute] idx=1: initialised tiling_step list with 1 entries (from_cache=False)
2026-02-16 12:40:15,063 [INFO] [pid=34088] [PatchRoute] idx=1: applying reconfiguration step; schedule_passes=3, solved_pairs=2, remaining_tiling_steps=0, using_cached_schedule=False
2026-02-16 12:40:15,063 [INFO] [pid=34088] [PatchRoute] idx=1: reconfiguration applied; delta_reconfigTime=0.001312, total_reconfigTime=0.001312, total_ops=26
2026-02-16 12:40:15,064 [INFO] [pid=34088] [PatchRoute] idx=1: executed 8 single-qubit ops; remaining_operations=33, total_ops=34
2026-02-16 12:40:15,064 [INFO] [pid=34088] [PatchRoute] idx=1: executed 2/2 two-qubit MS gates; remaining_operations=31, total_ops=36
2026-02-16 12:40:15,064 [INFO] [pid=34088] [PatchRoute] main loop: idx=2, remaining_operations=31, remaining_MS_rounds=2
2026-02-16 12:40:15,064 [INFO] [pid=34088] [PatchRoute] idx=2: initialised tiling_step list with 1 entries (from_cache=False)
2026-02-16 12:40:15,064 [INFO] [pid=34088] [PatchRoute] idx=2: applying reconfiguration step; schedule_passes=1, solved_pairs=2, remaining_tiling_steps=0, using_cached_schedule=False
2026-02-16 12:40:15,065 [INFO] [pid=34088] [PatchRoute] idx=2: reconfiguration applied; delta_reconfigTime=0.000292, total_reconfigTime=0.001604, total_ops=37
2026-02-16 12:40:15,065 [INFO] [pid=34088] [PatchRoute] idx=2: executed 10 single-qubit ops; remaining_operations=21, total_ops=47
2026-02-16 12:40:15,065 [INFO] [pid=34088] [PatchRoute] idx=2: executed 2/2 two-qubit MS gates; remaining_operations=19, total_ops=49
2026-02-16 12:40:15,065 [INFO] [pid=34088] [PatchRoute] main loop: idx=3, remaining_operations=19, remaining_MS_rounds=1
2026-02-16 12:40:15,065 [INFO] [pid=34088] [PatchRoute] idx=3: initialised tiling_step list with 1 entries (from_cache=False)
2026-02-16 12:40:15,065 [INFO] [pid=34088] [PatchRoute] idx=3: applying reconfiguration step; schedule_passes=2, solved_pairs=2, remaining_tiling_steps=0, using_cached_schedule=False
2026-02-16 12:40:15,066 [INFO] [pid=34088] [PatchRoute] idx=3: reconfiguration applied; delta_reconfigTime=0.001100, total_reconfigTime=0.002704, total_ops=50
2026-02-16 12:40:15,066 [INFO] [pid=34088] [PatchRoute] idx=3: executed 7 single-qubit ops; remaining_operations=12, total_ops=57
2026-02-16 12:40:15,066 [INFO] [pid=34088] [PatchRoute] idx=3: executed 2/2 two-qubit MS gates; remaining_operations=10, total_ops=59
2026-02-16 12:40:15,066 [INFO] [pid=34088] [PatchRoute] main loop: idx=4, remaining_operations=10, remaining_MS_rounds=0
2026-02-16 12:40:15,066 [INFO] [pid=34088] [PatchRoute] idx=4: executed 10 single-qubit ops; remaining_operations=0, total_ops=69
