2026-02-13 20:10:38,964 [INFO] [pid=44995] [PatchRoute] ionRoutingWISEArch: ops=8, MS_rounds=4, lookahead=1, subgrid=(4,3,0), active_ions=0
2026-02-13 20:10:38,964 [INFO] [pid=44995] [PatchRoute] main loop: idx=0, remaining_operations=8, remaining_MS_rounds=4
2026-02-13 20:10:38,964 [INFO] [pid=44995] [PatchRoute] computing routing window: idx=0, rounds=[0,1), lookahead=1, window_len=1
2026-02-13 20:10:38,964 [INFO] [pid=44995] [PatchRoute] rechecked cache at idx=0 (rounds=[0,1)); old_blk_idx=0, old_blk_end=0, new_blk_end=4 ,cache_for_block length=0, new_cache_for_block length=0
2026-02-13 20:10:38,964 [INFO] [pid=44995] [PatchRoute] starting patch routing: rounds=1, total_gates=3, patch_size=3x4, tilings=3, BTs=None
2026-02-13 20:10:38,964 [INFO] [pid=44995] [PatchRoute] beginning tiling cycle 1; remaining_gates=3
2026-02-13 20:10:38,964 [INFO] [pid=44995] [PatchRoute] cycle 1 tiling 1/3 offset=(0,0) patches=1 remaining_before=3
2026-02-13 20:10:38,964 [INFO] [pid=44995] [PatchRoute] solving patch r[0:3] c[0:4] gates=3 per_round=[3] boundary_prefs=[{}], BTs=[{}]
2026-02-13 20:10:39,847 [INFO] [pid=44995] [PatchRoute] patch r[0:3] c[0:4] solved in 0.88s; moved_ions=0; details=none
2026-02-13 20:10:39,847 [INFO] [pid=44995] [PatchRoute] completed tiling 1: solved_gates=3, remaining_gates=0
2026-02-13 20:10:39,847 [INFO] [pid=44995] [PatchRoute] completed cycle 1: solved=3, remaining=0
2026-02-13 20:10:39,847 [INFO] [pid=44995] [PatchRoute] finished patch routing successfully; all gates covered.
2026-02-13 20:10:39,848 [INFO] [pid=44995] [PatchRoute] patch routing window idx=0 produced 1 tiling steps (meta entries); block_offset=0, cache_for_block size=1
2026-02-13 20:10:39,848 [INFO] [pid=44995] [PatchRoute] built BTs for window idx=0: rounds=0, windows=0, pins=0, pinned_pairs=0
2026-02-13 20:10:39,848 [INFO] [pid=44995] [PatchRoute] idx=0: initialised tiling_step list with 1 entries (from_cache=False)
2026-02-13 20:10:39,848 [INFO] [pid=44995] [PatchRoute] idx=0: applying reconfiguration step; schedule_passes=0, solved_pairs=3, remaining_tiling_steps=0, using_cached_schedule=False
2026-02-13 20:10:39,849 [INFO] [pid=44995] [PatchRoute] idx=0: reconfiguration applied; delta_reconfigTime=0.000000, total_reconfigTime=0.000000, total_ops=1
2026-02-13 20:10:39,849 [INFO] [pid=44995] [PatchRoute] idx=0: executed 3/3 two-qubit MS gates; remaining_operations=5, total_ops=4
2026-02-13 20:10:39,849 [INFO] [pid=44995] [PatchRoute] main loop: idx=1, remaining_operations=5, remaining_MS_rounds=3
2026-02-13 20:10:39,849 [INFO] [pid=44995] [PatchRoute] computing routing window: idx=1, rounds=[1,2), lookahead=1, window_len=1
2026-02-13 20:10:39,849 [INFO] [pid=44995] [PatchRoute] rechecked cache at idx=1 (rounds=[1,2)); old_blk_idx=1, old_blk_end=4, new_blk_end=3 ,cache_for_block length=1, new_cache_for_block length=0
2026-02-13 20:10:39,849 [INFO] [pid=44995] [PatchRoute] starting patch routing: rounds=1, total_gates=3, patch_size=3x4, tilings=3, BTs=[]
2026-02-13 20:10:39,849 [INFO] [pid=44995] [PatchRoute] beginning tiling cycle 1; remaining_gates=3
2026-02-13 20:10:39,850 [INFO] [pid=44995] [PatchRoute] cycle 1 tiling 1/3 offset=(0,0) patches=1 remaining_before=3
2026-02-13 20:10:39,850 [INFO] [pid=44995] [PatchRoute] solving patch r[0:3] c[0:4] gates=3 per_round=[3] boundary_prefs=[{}], BTs=[{}]
2026-02-13 20:10:40,943 [INFO] [pid=44995] [PatchRoute] patch r[0:3] c[0:4] solved in 1.09s; moved_ions=9; details=ion 2: (0, 1)->(1, 2), ion 4: (0, 2)->(1, 3), ion 5: (0, 3)->(1, 1), ion 7: (1, 0)->(0, 2), ion 8: (1, 1)->(1, 0), ion 10: (1, 2)->(0, 3)
2026-02-13 20:10:40,943 [INFO] [pid=44995] [PatchRoute] completed tiling 1: solved_gates=3, remaining_gates=0
2026-02-13 20:10:40,943 [INFO] [pid=44995] [PatchRoute] completed cycle 1: solved=3, remaining=0
2026-02-13 20:10:40,943 [INFO] [pid=44995] [PatchRoute] finished patch routing successfully; all gates covered.
2026-02-13 20:10:40,943 [INFO] [pid=44995] [PatchRoute] patch routing window idx=1 produced 1 tiling steps (meta entries); block_offset=1, cache_for_block size=2
2026-02-13 20:10:40,943 [INFO] [pid=44995] [PatchRoute] built BTs for window idx=1: rounds=0, windows=0, pins=0, pinned_pairs=0
2026-02-13 20:10:40,943 [INFO] [pid=44995] [PatchRoute] idx=1: initialised tiling_step list with 1 entries (from_cache=False)
2026-02-13 20:10:40,943 [INFO] [pid=44995] [PatchRoute] idx=1: applying reconfiguration step; schedule_passes=3, solved_pairs=3, remaining_tiling_steps=0, using_cached_schedule=False
2026-02-13 20:10:40,944 [INFO] [pid=44995] [PatchRoute] idx=1: reconfiguration applied; delta_reconfigTime=0.001014, total_reconfigTime=0.001014, total_ops=5
2026-02-13 20:10:40,945 [INFO] [pid=44995] [PatchRoute] idx=1: executed 3/3 two-qubit MS gates; remaining_operations=2, total_ops=8
2026-02-13 20:10:40,945 [INFO] [pid=44995] [PatchRoute] main loop: idx=2, remaining_operations=2, remaining_MS_rounds=2
2026-02-13 20:10:40,945 [INFO] [pid=44995] [PatchRoute] computing routing window: idx=2, rounds=[2,3), lookahead=1, window_len=1
2026-02-13 20:10:40,945 [INFO] [pid=44995] [PatchRoute] rechecked cache at idx=2 (rounds=[2,3)); old_blk_idx=2, old_blk_end=4, new_blk_end=2 ,cache_for_block length=2, new_cache_for_block length=0
2026-02-13 20:10:40,945 [INFO] [pid=44995] [PatchRoute] starting patch routing: rounds=1, total_gates=1, patch_size=3x4, tilings=3, BTs=[]
2026-02-13 20:10:40,945 [INFO] [pid=44995] [PatchRoute] beginning tiling cycle 1; remaining_gates=1
2026-02-13 20:10:40,945 [INFO] [pid=44995] [PatchRoute] cycle 1 tiling 1/3 offset=(0,0) patches=1 remaining_before=1
2026-02-13 20:10:40,945 [INFO] [pid=44995] [PatchRoute] solving patch r[0:3] c[0:4] gates=1 per_round=[1] boundary_prefs=[{}], BTs=[{}]
2026-02-13 20:10:41,981 [INFO] [pid=44995] [PatchRoute] patch r[0:3] c[0:4] solved in 1.04s; moved_ions=4; details=ion 1: (0, 0)->(1, 0), ion 10: (0, 3)->(1, 3), ion 8: (1, 0)->(0, 0), ion 4: (1, 3)->(0, 3)
2026-02-13 20:10:41,981 [INFO] [pid=44995] [PatchRoute] completed tiling 1: solved_gates=1, remaining_gates=0
2026-02-13 20:10:41,981 [INFO] [pid=44995] [PatchRoute] completed cycle 1: solved=1, remaining=0
2026-02-13 20:10:41,981 [INFO] [pid=44995] [PatchRoute] finished patch routing successfully; all gates covered.
2026-02-13 20:10:41,981 [INFO] [pid=44995] [PatchRoute] patch routing window idx=2 produced 1 tiling steps (meta entries); block_offset=2, cache_for_block size=3
2026-02-13 20:10:41,981 [INFO] [pid=44995] [PatchRoute] built BTs for window idx=2: rounds=0, windows=0, pins=0, pinned_pairs=0
2026-02-13 20:10:41,981 [INFO] [pid=44995] [PatchRoute] idx=2: initialised tiling_step list with 1 entries (from_cache=False)
2026-02-13 20:10:41,981 [INFO] [pid=44995] [PatchRoute] idx=2: applying reconfiguration step; schedule_passes=1, solved_pairs=1, remaining_tiling_steps=0, using_cached_schedule=False
2026-02-13 20:10:41,982 [INFO] [pid=44995] [PatchRoute] idx=2: reconfiguration applied; delta_reconfigTime=0.000590, total_reconfigTime=0.001604, total_ops=9
2026-02-13 20:10:41,983 [INFO] [pid=44995] [PatchRoute] idx=2: executed 1/1 two-qubit MS gates; remaining_operations=1, total_ops=10
2026-02-13 20:10:41,983 [INFO] [pid=44995] [PatchRoute] main loop: idx=3, remaining_operations=1, remaining_MS_rounds=1
2026-02-13 20:10:41,983 [INFO] [pid=44995] [PatchRoute] computing routing window: idx=3, rounds=[3,4), lookahead=1, window_len=1
2026-02-13 20:10:41,983 [INFO] [pid=44995] [PatchRoute] rechecked cache at idx=3 (rounds=[3,4)); old_blk_idx=3, old_blk_end=4, new_blk_end=1 ,cache_for_block length=3, new_cache_for_block length=0
2026-02-13 20:10:41,983 [INFO] [pid=44995] [PatchRoute] starting patch routing: rounds=1, total_gates=1, patch_size=3x4, tilings=3, BTs=[]
2026-02-13 20:10:41,983 [INFO] [pid=44995] [PatchRoute] beginning tiling cycle 1; remaining_gates=1
2026-02-13 20:10:41,983 [INFO] [pid=44995] [PatchRoute] cycle 1 tiling 1/3 offset=(0,0) patches=1 remaining_before=1
2026-02-13 20:10:41,983 [INFO] [pid=44995] [PatchRoute] solving patch r[0:3] c[0:4] gates=1 per_round=[1] boundary_prefs=[{}], BTs=[{}]
2026-02-13 20:10:43,076 [INFO] [pid=44995] [PatchRoute] patch r[0:3] c[0:4] solved in 1.09s; moved_ions=2; details=ion 11: (0, 1)->(0, 2), ion 7: (0, 2)->(0, 1)
2026-02-13 20:10:43,077 [INFO] [pid=44995] [PatchRoute] completed tiling 1: solved_gates=1, remaining_gates=0
2026-02-13 20:10:43,077 [INFO] [pid=44995] [PatchRoute] completed cycle 1: solved=1, remaining=0
2026-02-13 20:10:43,077 [INFO] [pid=44995] [PatchRoute] finished patch routing successfully; all gates covered.
2026-02-13 20:10:43,077 [INFO] [pid=44995] [PatchRoute] patch routing window idx=3 produced 1 tiling steps (meta entries); block_offset=3, cache_for_block size=4
2026-02-13 20:10:43,077 [INFO] [pid=44995] [PatchRoute] built BTs for window idx=3: rounds=0, windows=0, pins=0, pinned_pairs=0
2026-02-13 20:10:43,077 [INFO] [pid=44995] [PatchRoute] idx=3: initialised tiling_step list with 1 entries (from_cache=False)
2026-02-13 20:10:43,077 [INFO] [pid=44995] [PatchRoute] idx=3: applying reconfiguration step; schedule_passes=1, solved_pairs=1, remaining_tiling_steps=0, using_cached_schedule=False
2026-02-13 20:10:43,078 [INFO] [pid=44995] [PatchRoute] idx=3: reconfiguration applied; delta_reconfigTime=0.000292, total_reconfigTime=0.001896, total_ops=11
2026-02-13 20:10:43,078 [INFO] [pid=44995] [PatchRoute] idx=3: executed 1/1 two-qubit MS gates; remaining_operations=0, total_ops=12
