2026-02-13 20:10:38,964 [INFO] [pid=44995] [WISE] launching SAT pool over 48 configs (P_max∈[1, 8])
2026-02-13 20:10:38,998 [INFO] [pid=45007] [WISE] config done: P_max=1 cap=1.00 best ΣP=1
2026-02-13 20:10:39,000 [INFO] [pid=45009] [WISE] config done: P_max=1 cap=0.60 best ΣP=1
2026-02-13 20:10:39,000 [INFO] [pid=45010] [WISE] config done: P_max=1 cap=0.40 best ΣP=1
2026-02-13 20:10:39,000 [INFO] [pid=45008] [WISE] config done: P_max=1 cap=0.80 best ΣP=1
2026-02-13 20:10:39,014 [INFO] [pid=45007] [WISE] config done: P_max=1 cap=0.20 best ΣP=1
2026-02-13 20:10:39,015 [INFO] [pid=45009] [WISE] config done: P_max=1 cap=0.00 best ΣP=1
2026-02-13 20:10:39,019 [INFO] [pid=45010] [WISE] config done: P_max=2 cap=0.80 best ΣP=1
2026-02-13 20:10:39,020 [INFO] [pid=45008] [WISE] config done: P_max=2 cap=1.00 best ΣP=1
2026-02-13 20:10:39,034 [INFO] [pid=45009] [WISE] config done: P_max=2 cap=0.40 best ΣP=1
2026-02-13 20:10:39,034 [INFO] [pid=45007] [WISE] config done: P_max=2 cap=0.60 best ΣP=1
2026-02-13 20:10:39,040 [INFO] [pid=45010] [WISE] config done: P_max=2 cap=0.20 best ΣP=1
2026-02-13 20:10:39,040 [INFO] [pid=45008] [WISE] config done: P_max=2 cap=0.00 best ΣP=1
2026-02-13 20:10:39,075 [INFO] [pid=45009] [WISE] config done: P_max=3 cap=1.00 best ΣP=1
2026-02-13 20:10:39,075 [INFO] [pid=45007] [WISE] config done: P_max=3 cap=0.80 best ΣP=1
2026-02-13 20:10:39,080 [INFO] [pid=45010] [WISE] config done: P_max=3 cap=0.60 best ΣP=1
2026-02-13 20:10:39,080 [INFO] [pid=45008] [WISE] config done: P_max=3 cap=0.40 best ΣP=1
2026-02-13 20:10:39,157 [INFO] [pid=45010] [WISE] config done: P_max=4 cap=0.80 best ΣP=1
2026-02-13 20:10:39,157 [INFO] [pid=45008] [WISE] config done: P_max=4 cap=1.00 best ΣP=1
2026-02-13 20:10:39,174 [INFO] [pid=45007] [WISE] config done: P_max=3 cap=0.00 best ΣP=1
2026-02-13 20:10:39,174 [INFO] [pid=45009] [WISE] config done: P_max=3 cap=0.20 best ΣP=1
2026-02-13 20:10:39,201 [INFO] [pid=45010] [WISE] config done: P_max=4 cap=0.60 best ΣP=1
2026-02-13 20:10:39,201 [INFO] [pid=45008] [WISE] config done: P_max=4 cap=0.40 best ΣP=1
2026-02-13 20:10:39,220 [INFO] [pid=45007] [WISE] config done: P_max=4 cap=0.00 best ΣP=1
2026-02-13 20:10:39,221 [INFO] [pid=45009] [WISE] config done: P_max=4 cap=0.20 best ΣP=1
2026-02-13 20:10:39,249 [INFO] [pid=45010] [WISE] config done: P_max=5 cap=1.00 best ΣP=1
2026-02-13 20:10:39,250 [INFO] [pid=45008] [WISE] config done: P_max=5 cap=0.80 best ΣP=1
2026-02-13 20:10:39,268 [INFO] [pid=45007] [WISE] config done: P_max=5 cap=0.60 best ΣP=1
2026-02-13 20:10:39,268 [INFO] [pid=45009] [WISE] config done: P_max=5 cap=0.40 best ΣP=1
2026-02-13 20:10:39,352 [INFO] [pid=45010] [WISE] config done: P_max=5 cap=0.20 best ΣP=1
2026-02-13 20:10:39,353 [INFO] [pid=45008] [WISE] config done: P_max=5 cap=0.00 best ΣP=1
2026-02-13 20:10:39,376 [INFO] [pid=45009] [WISE] config done: P_max=6 cap=0.80 best ΣP=1
2026-02-13 20:10:39,377 [INFO] [pid=45007] [WISE] config done: P_max=6 cap=1.00 best ΣP=1
2026-02-13 20:10:39,407 [INFO] [pid=45010] [WISE] config done: P_max=6 cap=0.60 best ΣP=1
2026-02-13 20:10:39,407 [INFO] [pid=45008] [WISE] config done: P_max=6 cap=0.40 best ΣP=1
2026-02-13 20:10:39,429 [INFO] [pid=45009] [WISE] config done: P_max=6 cap=0.20 best ΣP=1
2026-02-13 20:10:39,429 [INFO] [pid=45007] [WISE] config done: P_max=6 cap=0.00 best ΣP=1
2026-02-13 20:10:39,544 [INFO] [pid=45008] [WISE] config done: P_max=7 cap=0.80 best ΣP=1
2026-02-13 20:10:39,544 [INFO] [pid=45010] [WISE] config done: P_max=7 cap=1.00 best ΣP=1
2026-02-13 20:10:39,568 [INFO] [pid=45009] [WISE] config done: P_max=7 cap=0.60 best ΣP=1
2026-02-13 20:10:39,568 [INFO] [pid=45007] [WISE] config done: P_max=7 cap=0.40 best ΣP=1
2026-02-13 20:10:39,634 [INFO] [pid=45008] [WISE] config done: P_max=7 cap=0.20 best ΣP=1
2026-02-13 20:10:39,635 [INFO] [pid=45010] [WISE] config done: P_max=7 cap=0.00 best ΣP=1
2026-02-13 20:10:39,697 [INFO] [pid=45007] [WISE] config done: P_max=8 cap=0.80 best ΣP=1
2026-02-13 20:10:39,699 [INFO] [pid=45009] [WISE] config done: P_max=8 cap=1.00 best ΣP=1
2026-02-13 20:10:39,783 [INFO] [pid=45008] [WISE] config done: P_max=8 cap=0.60 best ΣP=1
2026-02-13 20:10:39,784 [INFO] [pid=45010] [WISE] config done: P_max=8 cap=0.40 best ΣP=1
2026-02-13 20:10:39,810 [INFO] [pid=45007] [WISE] config done: P_max=8 cap=0.20 best ΣP=1
2026-02-13 20:10:39,810 [INFO] [pid=45009] [WISE] config done: P_max=8 cap=0.00 best ΣP=1
2026-02-13 20:10:39,835 [INFO] [pid=44995] [WISE] pool result: P_max=1, sum_usage=0 cap_factor=1.00, status=ok, sat=True
2026-02-13 20:10:39,835 [INFO] [pid=44995] [WISE] pool result: P_max=1, sum_usage=0 cap_factor=0.80, status=ok, sat=True
2026-02-13 20:10:39,835 [INFO] [pid=44995] [WISE] pool result: P_max=1, sum_usage=0 cap_factor=0.60, status=ok, sat=True
2026-02-13 20:10:39,835 [INFO] [pid=44995] [WISE] pool result: P_max=1, sum_usage=0 cap_factor=0.40, status=ok, sat=True
2026-02-13 20:10:39,835 [INFO] [pid=44995] [WISE] pool result: P_max=1, sum_usage=0 cap_factor=0.20, status=ok, sat=True
2026-02-13 20:10:39,835 [INFO] [pid=44995] [WISE] pool result: P_max=1, sum_usage=0 cap_factor=0.00, status=ok, sat=True
2026-02-13 20:10:39,835 [INFO] [pid=44995] [WISE] pool result: P_max=2, sum_usage=0 cap_factor=1.00, status=ok, sat=True
2026-02-13 20:10:39,835 [INFO] [pid=44995] [WISE] pool result: P_max=2, sum_usage=0 cap_factor=0.80, status=ok, sat=True
2026-02-13 20:10:39,835 [INFO] [pid=44995] [WISE] pool result: P_max=2, sum_usage=0 cap_factor=0.60, status=ok, sat=True
2026-02-13 20:10:39,835 [INFO] [pid=44995] [WISE] pool result: P_max=2, sum_usage=0 cap_factor=0.40, status=ok, sat=True
2026-02-13 20:10:39,835 [INFO] [pid=44995] [WISE] pool result: P_max=2, sum_usage=0 cap_factor=0.20, status=ok, sat=True
2026-02-13 20:10:39,835 [INFO] [pid=44995] [WISE] pool result: P_max=2, sum_usage=0 cap_factor=0.00, status=ok, sat=True
2026-02-13 20:10:39,835 [INFO] [pid=44995] [WISE] pool result: P_max=3, sum_usage=1 cap_factor=1.00, status=ok, sat=True
2026-02-13 20:10:39,835 [INFO] [pid=44995] [WISE] pool result: P_max=3, sum_usage=1 cap_factor=0.80, status=ok, sat=True
2026-02-13 20:10:39,835 [INFO] [pid=44995] [WISE] pool result: P_max=3, sum_usage=1 cap_factor=0.60, status=ok, sat=True
2026-02-13 20:10:39,835 [INFO] [pid=44995] [WISE] pool result: P_max=3, sum_usage=1 cap_factor=0.40, status=ok, sat=True
2026-02-13 20:10:39,835 [INFO] [pid=44995] [WISE] pool result: P_max=3, sum_usage=1 cap_factor=0.20, status=ok, sat=True
2026-02-13 20:10:39,835 [INFO] [pid=44995] [WISE] pool result: P_max=3, sum_usage=1 cap_factor=0.00, status=ok, sat=True
2026-02-13 20:10:39,835 [INFO] [pid=44995] [WISE] pool result: P_max=4, sum_usage=0 cap_factor=1.00, status=ok, sat=True
2026-02-13 20:10:39,835 [INFO] [pid=44995] [WISE] pool result: P_max=4, sum_usage=0 cap_factor=0.80, status=ok, sat=True
2026-02-13 20:10:39,835 [INFO] [pid=44995] [WISE] pool result: P_max=4, sum_usage=0 cap_factor=0.60, status=ok, sat=True
2026-02-13 20:10:39,836 [INFO] [pid=44995] [WISE] pool result: P_max=4, sum_usage=0 cap_factor=0.40, status=ok, sat=True
2026-02-13 20:10:39,836 [INFO] [pid=44995] [WISE] pool result: P_max=4, sum_usage=0 cap_factor=0.20, status=ok, sat=True
2026-02-13 20:10:39,836 [INFO] [pid=44995] [WISE] pool result: P_max=4, sum_usage=0 cap_factor=0.00, status=ok, sat=True
2026-02-13 20:10:39,836 [INFO] [pid=44995] [WISE] pool result: P_max=5, sum_usage=1 cap_factor=1.00, status=ok, sat=True
2026-02-13 20:10:39,836 [INFO] [pid=44995] [WISE] pool result: P_max=5, sum_usage=1 cap_factor=0.80, status=ok, sat=True
2026-02-13 20:10:39,836 [INFO] [pid=44995] [WISE] pool result: P_max=5, sum_usage=1 cap_factor=0.60, status=ok, sat=True
2026-02-13 20:10:39,836 [INFO] [pid=44995] [WISE] pool result: P_max=5, sum_usage=1 cap_factor=0.40, status=ok, sat=True
2026-02-13 20:10:39,836 [INFO] [pid=44995] [WISE] pool result: P_max=5, sum_usage=1 cap_factor=0.20, status=ok, sat=True
2026-02-13 20:10:39,836 [INFO] [pid=44995] [WISE] pool result: P_max=5, sum_usage=1 cap_factor=0.00, status=ok, sat=True
2026-02-13 20:10:39,836 [INFO] [pid=44995] [WISE] pool result: P_max=6, sum_usage=1 cap_factor=1.00, status=ok, sat=True
2026-02-13 20:10:39,836 [INFO] [pid=44995] [WISE] pool result: P_max=6, sum_usage=1 cap_factor=0.80, status=ok, sat=True
2026-02-13 20:10:39,836 [INFO] [pid=44995] [WISE] pool result: P_max=6, sum_usage=1 cap_factor=0.60, status=ok, sat=True
2026-02-13 20:10:39,836 [INFO] [pid=44995] [WISE] pool result: P_max=6, sum_usage=1 cap_factor=0.40, status=ok, sat=True
2026-02-13 20:10:39,836 [INFO] [pid=44995] [WISE] pool result: P_max=6, sum_usage=1 cap_factor=0.20, status=ok, sat=True
2026-02-13 20:10:39,836 [INFO] [pid=44995] [WISE] pool result: P_max=6, sum_usage=1 cap_factor=0.00, status=ok, sat=True
2026-02-13 20:10:39,836 [INFO] [pid=44995] [WISE] pool result: P_max=7, sum_usage=1 cap_factor=1.00, status=ok, sat=True
2026-02-13 20:10:39,836 [INFO] [pid=44995] [WISE] pool result: P_max=7, sum_usage=1 cap_factor=0.80, status=ok, sat=True
2026-02-13 20:10:39,836 [INFO] [pid=44995] [WISE] pool result: P_max=7, sum_usage=1 cap_factor=0.60, status=ok, sat=True
2026-02-13 20:10:39,836 [INFO] [pid=44995] [WISE] pool result: P_max=7, sum_usage=1 cap_factor=0.40, status=ok, sat=True
2026-02-13 20:10:39,836 [INFO] [pid=44995] [WISE] pool result: P_max=7, sum_usage=1 cap_factor=0.20, status=ok, sat=True
2026-02-13 20:10:39,836 [INFO] [pid=44995] [WISE] pool result: P_max=7, sum_usage=1 cap_factor=0.00, status=ok, sat=True
2026-02-13 20:10:39,836 [INFO] [pid=44995] [WISE] pool result: P_max=8, sum_usage=1 cap_factor=1.00, status=ok, sat=True
2026-02-13 20:10:39,836 [INFO] [pid=44995] [WISE] pool result: P_max=8, sum_usage=1 cap_factor=0.80, status=ok, sat=True
2026-02-13 20:10:39,836 [INFO] [pid=44995] [WISE] pool result: P_max=8, sum_usage=1 cap_factor=0.60, status=ok, sat=True
2026-02-13 20:10:39,836 [INFO] [pid=44995] [WISE] pool result: P_max=8, sum_usage=1 cap_factor=0.40, status=ok, sat=True
2026-02-13 20:10:39,836 [INFO] [pid=44995] [WISE] pool result: P_max=8, sum_usage=1 cap_factor=0.20, status=ok, sat=True
2026-02-13 20:10:39,836 [INFO] [pid=44995] [WISE] pool result: P_max=8, sum_usage=1 cap_factor=0.00, status=ok, sat=True
2026-02-13 20:10:39,844 [INFO] [pid=44995] [WISE] chosen config: P_max=1, cap_factor=1.00, ΣP=0
2026-02-13 20:10:39,844 [INFO] [pid=44995] [WISE] minimal ΣP found: 0 (P_max=1)
2026-02-13 20:10:39,844 [INFO] [pid=44995] [WISE] MaxSAT disabled; using SAT model at P*
2026-02-13 20:10:39,845 [INFO] [pid=44995] [WISE] ΣP per round: [0], Σ_all=0, Σ_tail=0, best_sum_bound=0
2026-02-13 20:10:39,850 [INFO] [pid=44995] [WISE] launching SAT pool over 48 configs (P_max∈[1, 8])
2026-02-13 20:10:39,879 [INFO] [pid=45126] [WISE] config partial: P_max=1 cap=0.60 returning last status=unsat
2026-02-13 20:10:39,881 [INFO] [pid=45124] [WISE] config partial: P_max=1 cap=1.00 returning last status=unsat
2026-02-13 20:10:39,881 [INFO] [pid=45127] [WISE] config partial: P_max=1 cap=0.40 returning last status=unsat
2026-02-13 20:10:39,881 [INFO] [pid=45125] [WISE] config partial: P_max=1 cap=0.80 returning last status=unsat
2026-02-13 20:10:39,895 [INFO] [pid=45126] [WISE] config partial: P_max=1 cap=0.20 returning last status=unsat
2026-02-13 20:10:39,898 [INFO] [pid=45124] [WISE] config partial: P_max=1 cap=0.00 returning last status=unsat
2026-02-13 20:10:39,919 [INFO] [pid=45127] [WISE] config partial: P_max=2 cap=1.00 returning last status=unsat
2026-02-13 20:10:39,919 [INFO] [pid=45125] [WISE] config partial: P_max=2 cap=0.80 returning last status=unsat
2026-02-13 20:10:39,930 [INFO] [pid=45126] [WISE] config partial: P_max=2 cap=0.60 returning last status=unsat
2026-02-13 20:10:39,934 [INFO] [pid=45124] [WISE] config partial: P_max=2 cap=0.40 returning last status=unsat
2026-02-13 20:10:39,955 [INFO] [pid=45125] [WISE] config partial: P_max=2 cap=0.00 returning last status=unsat
2026-02-13 20:10:39,955 [INFO] [pid=45127] [WISE] config partial: P_max=2 cap=0.20 returning last status=unsat
2026-02-13 20:10:40,026 [INFO] [pid=45127] [WISE] config done: P_max=3 cap=0.60 best ΣP=3
2026-02-13 20:10:40,026 [INFO] [pid=45125] [WISE] config done: P_max=3 cap=0.40 best ΣP=3
2026-02-13 20:10:40,029 [INFO] [pid=45124] [WISE] config done: P_max=3 cap=0.80 best ΣP=3
2026-02-13 20:10:40,030 [INFO] [pid=45126] [WISE] config done: P_max=3 cap=1.00 best ΣP=3
2026-02-13 20:10:40,069 [INFO] [pid=45127] [WISE] config done: P_max=3 cap=0.20 best ΣP=3
2026-02-13 20:10:40,069 [INFO] [pid=45125] [WISE] config done: P_max=3 cap=0.00 best ΣP=3
2026-02-13 20:10:40,074 [INFO] [pid=45124] [WISE] config done: P_max=4 cap=1.00 best ΣP=3
2026-02-13 20:10:40,076 [INFO] [pid=45126] [WISE] config done: P_max=4 cap=0.80 best ΣP=3
2026-02-13 20:10:40,116 [INFO] [pid=45125] [WISE] config done: P_max=4 cap=0.40 best ΣP=3
2026-02-13 20:10:40,116 [INFO] [pid=45127] [WISE] config done: P_max=4 cap=0.60 best ΣP=3
2026-02-13 20:10:40,119 [INFO] [pid=45124] [WISE] config done: P_max=4 cap=0.20 best ΣP=3
2026-02-13 20:10:40,119 [INFO] [pid=45126] [WISE] config done: P_max=4 cap=0.00 best ΣP=3
2026-02-13 20:10:40,250 [INFO] [pid=45124] [WISE] config done: P_max=5 cap=0.60 best ΣP=3
2026-02-13 20:10:40,251 [INFO] [pid=45126] [WISE] config done: P_max=5 cap=0.40 best ΣP=3
2026-02-13 20:10:40,252 [INFO] [pid=45125] [WISE] config done: P_max=5 cap=1.00 best ΣP=3
2026-02-13 20:10:40,252 [INFO] [pid=45127] [WISE] config done: P_max=5 cap=0.80 best ΣP=3
2026-02-13 20:10:40,323 [INFO] [pid=45124] [WISE] config done: P_max=5 cap=0.20 best ΣP=3
2026-02-13 20:10:40,325 [INFO] [pid=45126] [WISE] config done: P_max=5 cap=0.00 best ΣP=3
2026-02-13 20:10:40,337 [INFO] [pid=45127] [WISE] config done: P_max=6 cap=0.80 best ΣP=3
2026-02-13 20:10:40,338 [INFO] [pid=45125] [WISE] config done: P_max=6 cap=1.00 best ΣP=3
2026-02-13 20:10:40,464 [INFO] [pid=45124] [WISE] config done: P_max=6 cap=0.60 best ΣP=3
2026-02-13 20:10:40,464 [INFO] [pid=45126] [WISE] config done: P_max=6 cap=0.40 best ΣP=3
2026-02-13 20:10:40,477 [INFO] [pid=45125] [WISE] config done: P_max=6 cap=0.00 best ΣP=3
2026-02-13 20:10:40,478 [INFO] [pid=45127] [WISE] config done: P_max=6 cap=0.20 best ΣP=3
2026-02-13 20:10:40,560 [INFO] [pid=45126] [WISE] config done: P_max=7 cap=0.80 best ΣP=3
2026-02-13 20:10:40,560 [INFO] [pid=45124] [WISE] config done: P_max=7 cap=1.00 best ΣP=3
2026-02-13 20:10:40,603 [INFO] [pid=45125] [WISE] config done: P_max=7 cap=0.60 best ΣP=3
2026-02-13 20:10:40,603 [INFO] [pid=45127] [WISE] config done: P_max=7 cap=0.40 best ΣP=3
2026-02-13 20:10:40,705 [INFO] [pid=45124] [WISE] config done: P_max=7 cap=0.00 best ΣP=3
2026-02-13 20:10:40,705 [INFO] [pid=45126] [WISE] config done: P_max=7 cap=0.20 best ΣP=3
2026-02-13 20:10:40,741 [INFO] [pid=45127] [WISE] config done: P_max=8 cap=1.00 best ΣP=3
2026-02-13 20:10:40,744 [INFO] [pid=45125] [WISE] config done: P_max=8 cap=0.80 best ΣP=3
2026-02-13 20:10:40,875 [INFO] [pid=45124] [WISE] config done: P_max=8 cap=0.60 best ΣP=3
2026-02-13 20:10:40,875 [INFO] [pid=45126] [WISE] config done: P_max=8 cap=0.40 best ΣP=3
2026-02-13 20:10:40,912 [INFO] [pid=45125] [WISE] config done: P_max=8 cap=0.00 best ΣP=3
2026-02-13 20:10:40,912 [INFO] [pid=45127] [WISE] config done: P_max=8 cap=0.20 best ΣP=3
2026-02-13 20:10:40,928 [INFO] [pid=44995] [WISE] pool result: P_max=1, sum_usage=1000000000 cap_factor=1.00, status=unsat, sat=False
2026-02-13 20:10:40,928 [INFO] [pid=44995] [WISE] pool result: P_max=1, sum_usage=1000000000 cap_factor=0.80, status=unsat, sat=False
2026-02-13 20:10:40,928 [INFO] [pid=44995] [WISE] pool result: P_max=1, sum_usage=1000000000 cap_factor=0.60, status=unsat, sat=False
2026-02-13 20:10:40,928 [INFO] [pid=44995] [WISE] pool result: P_max=1, sum_usage=1000000000 cap_factor=0.40, status=unsat, sat=False
2026-02-13 20:10:40,928 [INFO] [pid=44995] [WISE] pool result: P_max=1, sum_usage=1000000000 cap_factor=0.20, status=unsat, sat=False
2026-02-13 20:10:40,928 [INFO] [pid=44995] [WISE] pool result: P_max=1, sum_usage=1000000000 cap_factor=0.00, status=unsat, sat=False
2026-02-13 20:10:40,929 [INFO] [pid=44995] [WISE] pool result: P_max=2, sum_usage=1000000000 cap_factor=1.00, status=unsat, sat=False
2026-02-13 20:10:40,929 [INFO] [pid=44995] [WISE] pool result: P_max=2, sum_usage=1000000000 cap_factor=0.80, status=unsat, sat=False
2026-02-13 20:10:40,929 [INFO] [pid=44995] [WISE] pool result: P_max=2, sum_usage=1000000000 cap_factor=0.60, status=unsat, sat=False
2026-02-13 20:10:40,929 [INFO] [pid=44995] [WISE] pool result: P_max=2, sum_usage=1000000000 cap_factor=0.40, status=unsat, sat=False
2026-02-13 20:10:40,929 [INFO] [pid=44995] [WISE] pool result: P_max=2, sum_usage=1000000000 cap_factor=0.20, status=unsat, sat=False
2026-02-13 20:10:40,929 [INFO] [pid=44995] [WISE] pool result: P_max=2, sum_usage=1000000000 cap_factor=0.00, status=unsat, sat=False
2026-02-13 20:10:40,929 [INFO] [pid=44995] [WISE] pool result: P_max=3, sum_usage=3 cap_factor=1.00, status=ok, sat=True
2026-02-13 20:10:40,929 [INFO] [pid=44995] [WISE] pool result: P_max=3, sum_usage=3 cap_factor=0.80, status=ok, sat=True
2026-02-13 20:10:40,929 [INFO] [pid=44995] [WISE] pool result: P_max=3, sum_usage=3 cap_factor=0.60, status=ok, sat=True
2026-02-13 20:10:40,929 [INFO] [pid=44995] [WISE] pool result: P_max=3, sum_usage=3 cap_factor=0.40, status=ok, sat=True
2026-02-13 20:10:40,929 [INFO] [pid=44995] [WISE] pool result: P_max=3, sum_usage=3 cap_factor=0.20, status=ok, sat=True
2026-02-13 20:10:40,929 [INFO] [pid=44995] [WISE] pool result: P_max=3, sum_usage=3 cap_factor=0.00, status=ok, sat=True
2026-02-13 20:10:40,929 [INFO] [pid=44995] [WISE] pool result: P_max=4, sum_usage=3 cap_factor=1.00, status=ok, sat=True
2026-02-13 20:10:40,929 [INFO] [pid=44995] [WISE] pool result: P_max=4, sum_usage=3 cap_factor=0.80, status=ok, sat=True
2026-02-13 20:10:40,929 [INFO] [pid=44995] [WISE] pool result: P_max=4, sum_usage=3 cap_factor=0.60, status=ok, sat=True
2026-02-13 20:10:40,929 [INFO] [pid=44995] [WISE] pool result: P_max=4, sum_usage=3 cap_factor=0.40, status=ok, sat=True
2026-02-13 20:10:40,929 [INFO] [pid=44995] [WISE] pool result: P_max=4, sum_usage=3 cap_factor=0.20, status=ok, sat=True
2026-02-13 20:10:40,929 [INFO] [pid=44995] [WISE] pool result: P_max=4, sum_usage=3 cap_factor=0.00, status=ok, sat=True
2026-02-13 20:10:40,929 [INFO] [pid=44995] [WISE] pool result: P_max=5, sum_usage=3 cap_factor=1.00, status=ok, sat=True
2026-02-13 20:10:40,929 [INFO] [pid=44995] [WISE] pool result: P_max=5, sum_usage=3 cap_factor=0.80, status=ok, sat=True
2026-02-13 20:10:40,929 [INFO] [pid=44995] [WISE] pool result: P_max=5, sum_usage=3 cap_factor=0.60, status=ok, sat=True
2026-02-13 20:10:40,929 [INFO] [pid=44995] [WISE] pool result: P_max=5, sum_usage=3 cap_factor=0.40, status=ok, sat=True
2026-02-13 20:10:40,929 [INFO] [pid=44995] [WISE] pool result: P_max=5, sum_usage=3 cap_factor=0.20, status=ok, sat=True
2026-02-13 20:10:40,929 [INFO] [pid=44995] [WISE] pool result: P_max=5, sum_usage=3 cap_factor=0.00, status=ok, sat=True
2026-02-13 20:10:40,929 [INFO] [pid=44995] [WISE] pool result: P_max=6, sum_usage=3 cap_factor=1.00, status=ok, sat=True
2026-02-13 20:10:40,929 [INFO] [pid=44995] [WISE] pool result: P_max=6, sum_usage=3 cap_factor=0.80, status=ok, sat=True
2026-02-13 20:10:40,929 [INFO] [pid=44995] [WISE] pool result: P_max=6, sum_usage=3 cap_factor=0.60, status=ok, sat=True
2026-02-13 20:10:40,929 [INFO] [pid=44995] [WISE] pool result: P_max=6, sum_usage=3 cap_factor=0.40, status=ok, sat=True
2026-02-13 20:10:40,929 [INFO] [pid=44995] [WISE] pool result: P_max=6, sum_usage=3 cap_factor=0.20, status=ok, sat=True
2026-02-13 20:10:40,929 [INFO] [pid=44995] [WISE] pool result: P_max=6, sum_usage=3 cap_factor=0.00, status=ok, sat=True
2026-02-13 20:10:40,929 [INFO] [pid=44995] [WISE] pool result: P_max=7, sum_usage=3 cap_factor=1.00, status=ok, sat=True
2026-02-13 20:10:40,929 [INFO] [pid=44995] [WISE] pool result: P_max=7, sum_usage=3 cap_factor=0.80, status=ok, sat=True
2026-02-13 20:10:40,929 [INFO] [pid=44995] [WISE] pool result: P_max=7, sum_usage=3 cap_factor=0.60, status=ok, sat=True
2026-02-13 20:10:40,929 [INFO] [pid=44995] [WISE] pool result: P_max=7, sum_usage=3 cap_factor=0.40, status=ok, sat=True
2026-02-13 20:10:40,929 [INFO] [pid=44995] [WISE] pool result: P_max=7, sum_usage=3 cap_factor=0.20, status=ok, sat=True
2026-02-13 20:10:40,929 [INFO] [pid=44995] [WISE] pool result: P_max=7, sum_usage=3 cap_factor=0.00, status=ok, sat=True
2026-02-13 20:10:40,929 [INFO] [pid=44995] [WISE] pool result: P_max=8, sum_usage=3 cap_factor=1.00, status=ok, sat=True
2026-02-13 20:10:40,929 [INFO] [pid=44995] [WISE] pool result: P_max=8, sum_usage=3 cap_factor=0.80, status=ok, sat=True
2026-02-13 20:10:40,929 [INFO] [pid=44995] [WISE] pool result: P_max=8, sum_usage=3 cap_factor=0.60, status=ok, sat=True
2026-02-13 20:10:40,929 [INFO] [pid=44995] [WISE] pool result: P_max=8, sum_usage=3 cap_factor=0.40, status=ok, sat=True
2026-02-13 20:10:40,929 [INFO] [pid=44995] [WISE] pool result: P_max=8, sum_usage=3 cap_factor=0.20, status=ok, sat=True
2026-02-13 20:10:40,929 [INFO] [pid=44995] [WISE] pool result: P_max=8, sum_usage=3 cap_factor=0.00, status=ok, sat=True
2026-02-13 20:10:40,939 [INFO] [pid=44995] [WISE] chosen config: P_max=3, cap_factor=1.00, ΣP=3
2026-02-13 20:10:40,939 [INFO] [pid=44995] [WISE] minimal ΣP found: 3 (P_max=3)
2026-02-13 20:10:40,940 [INFO] [pid=44995] [WISE] MaxSAT disabled; using SAT model at P*
2026-02-13 20:10:40,940 [INFO] [pid=44995] [WISE] ΣP per round: [3], Σ_all=3, Σ_tail=3, best_sum_bound=3
2026-02-13 20:10:40,945 [INFO] [pid=44995] [WISE] launching SAT pool over 48 configs (P_max∈[1, 8])
2026-02-13 20:10:40,973 [INFO] [pid=45259] [WISE] config done: P_max=1 cap=0.60 best ΣP=1
2026-02-13 20:10:40,974 [INFO] [pid=45260] [WISE] config done: P_max=1 cap=0.40 best ΣP=1
2026-02-13 20:10:40,974 [INFO] [pid=45258] [WISE] config done: P_max=1 cap=0.80 best ΣP=1
2026-02-13 20:10:40,974 [INFO] [pid=45257] [WISE] config done: P_max=1 cap=1.00 best ΣP=1
2026-02-13 20:10:40,988 [INFO] [pid=45259] [WISE] config done: P_max=1 cap=0.20 best ΣP=1
2026-02-13 20:10:40,989 [INFO] [pid=45260] [WISE] config done: P_max=1 cap=0.00 best ΣP=1
2026-02-13 20:10:40,993 [INFO] [pid=45258] [WISE] config done: P_max=2 cap=0.80 best ΣP=1
2026-02-13 20:10:40,994 [INFO] [pid=45257] [WISE] config done: P_max=2 cap=1.00 best ΣP=1
2026-02-13 20:10:41,006 [INFO] [pid=45259] [WISE] config done: P_max=2 cap=0.60 best ΣP=1
2026-02-13 20:10:41,008 [INFO] [pid=45260] [WISE] config done: P_max=2 cap=0.40 best ΣP=1
2026-02-13 20:10:41,011 [INFO] [pid=45258] [WISE] config done: P_max=2 cap=0.20 best ΣP=1
2026-02-13 20:10:41,012 [INFO] [pid=45257] [WISE] config done: P_max=2 cap=0.00 best ΣP=1
2026-02-13 20:10:41,100 [INFO] [pid=45259] [WISE] config done: P_max=3 cap=1.00 best ΣP=1
2026-02-13 20:10:41,102 [INFO] [pid=45260] [WISE] config done: P_max=3 cap=0.80 best ΣP=1
2026-02-13 20:10:41,105 [INFO] [pid=45257] [WISE] config done: P_max=3 cap=0.40 best ΣP=1
2026-02-13 20:10:41,106 [INFO] [pid=45258] [WISE] config done: P_max=3 cap=0.60 best ΣP=1
2026-02-13 20:10:41,139 [INFO] [pid=45259] [WISE] config done: P_max=3 cap=0.20 best ΣP=1
2026-02-13 20:10:41,142 [INFO] [pid=45260] [WISE] config done: P_max=3 cap=0.00 best ΣP=1
2026-02-13 20:10:41,154 [INFO] [pid=45257] [WISE] config done: P_max=4 cap=1.00 best ΣP=1
2026-02-13 20:10:41,154 [INFO] [pid=45258] [WISE] config done: P_max=4 cap=0.80 best ΣP=1
2026-02-13 20:10:41,187 [INFO] [pid=45259] [WISE] config done: P_max=4 cap=0.60 best ΣP=1
2026-02-13 20:10:41,187 [INFO] [pid=45260] [WISE] config done: P_max=4 cap=0.40 best ΣP=1
2026-02-13 20:10:41,202 [INFO] [pid=45257] [WISE] config done: P_max=4 cap=0.00 best ΣP=1
2026-02-13 20:10:41,202 [INFO] [pid=45258] [WISE] config done: P_max=4 cap=0.20 best ΣP=1
2026-02-13 20:10:41,276 [INFO] [pid=45260] [WISE] config done: P_max=5 cap=0.80 best ΣP=1
2026-02-13 20:10:41,276 [INFO] [pid=45259] [WISE] config done: P_max=5 cap=1.00 best ΣP=1
2026-02-13 20:10:41,290 [INFO] [pid=45258] [WISE] config done: P_max=5 cap=0.40 best ΣP=1
2026-02-13 20:10:41,290 [INFO] [pid=45257] [WISE] config done: P_max=5 cap=0.60 best ΣP=1
2026-02-13 20:10:41,364 [INFO] [pid=45260] [WISE] config done: P_max=5 cap=0.00 best ΣP=1
2026-02-13 20:10:41,365 [INFO] [pid=45259] [WISE] config done: P_max=5 cap=0.20 best ΣP=1
2026-02-13 20:10:41,384 [INFO] [pid=45257] [WISE] config done: P_max=6 cap=0.80 best ΣP=1
2026-02-13 20:10:41,385 [INFO] [pid=45258] [WISE] config done: P_max=6 cap=1.00 best ΣP=1
2026-02-13 20:10:41,424 [INFO] [pid=45260] [WISE] config done: P_max=6 cap=0.60 best ΣP=1
2026-02-13 20:10:41,425 [INFO] [pid=45259] [WISE] config done: P_max=6 cap=0.40 best ΣP=1
2026-02-13 20:10:41,447 [INFO] [pid=45258] [WISE] config done: P_max=6 cap=0.00 best ΣP=1
2026-02-13 20:10:41,447 [INFO] [pid=45257] [WISE] config done: P_max=6 cap=0.20 best ΣP=1
2026-02-13 20:10:41,586 [INFO] [pid=45259] [WISE] config done: P_max=7 cap=0.80 best ΣP=1
2026-02-13 20:10:41,586 [INFO] [pid=45260] [WISE] config done: P_max=7 cap=1.00 best ΣP=1
2026-02-13 20:10:41,605 [INFO] [pid=45258] [WISE] config done: P_max=7 cap=0.60 best ΣP=1
2026-02-13 20:10:41,605 [INFO] [pid=45257] [WISE] config done: P_max=7 cap=0.40 best ΣP=1
2026-02-13 20:10:41,717 [INFO] [pid=45259] [WISE] config done: P_max=7 cap=0.20 best ΣP=1
2026-02-13 20:10:41,717 [INFO] [pid=45260] [WISE] config done: P_max=7 cap=0.00 best ΣP=1
2026-02-13 20:10:41,769 [INFO] [pid=45257] [WISE] config done: P_max=8 cap=0.80 best ΣP=1
2026-02-13 20:10:41,769 [INFO] [pid=45258] [WISE] config done: P_max=8 cap=1.00 best ΣP=1
2026-02-13 20:10:41,853 [INFO] [pid=45260] [WISE] config done: P_max=8 cap=0.40 best ΣP=1
2026-02-13 20:10:41,853 [INFO] [pid=45259] [WISE] config done: P_max=8 cap=0.60 best ΣP=1
2026-02-13 20:10:41,919 [INFO] [pid=45257] [WISE] config done: P_max=8 cap=0.20 best ΣP=1
2026-02-13 20:10:41,920 [INFO] [pid=45258] [WISE] config done: P_max=8 cap=0.00 best ΣP=1
2026-02-13 20:10:41,968 [INFO] [pid=44995] [WISE] pool result: P_max=1, sum_usage=1 cap_factor=1.00, status=ok, sat=True
2026-02-13 20:10:41,969 [INFO] [pid=44995] [WISE] pool result: P_max=1, sum_usage=1 cap_factor=0.80, status=ok, sat=True
2026-02-13 20:10:41,969 [INFO] [pid=44995] [WISE] pool result: P_max=1, sum_usage=1 cap_factor=0.60, status=ok, sat=True
2026-02-13 20:10:41,969 [INFO] [pid=44995] [WISE] pool result: P_max=1, sum_usage=1 cap_factor=0.40, status=ok, sat=True
2026-02-13 20:10:41,969 [INFO] [pid=44995] [WISE] pool result: P_max=1, sum_usage=1 cap_factor=0.20, status=ok, sat=True
2026-02-13 20:10:41,969 [INFO] [pid=44995] [WISE] pool result: P_max=1, sum_usage=1 cap_factor=0.00, status=ok, sat=True
2026-02-13 20:10:41,969 [INFO] [pid=44995] [WISE] pool result: P_max=2, sum_usage=1 cap_factor=1.00, status=ok, sat=True
2026-02-13 20:10:41,969 [INFO] [pid=44995] [WISE] pool result: P_max=2, sum_usage=1 cap_factor=0.80, status=ok, sat=True
2026-02-13 20:10:41,969 [INFO] [pid=44995] [WISE] pool result: P_max=2, sum_usage=1 cap_factor=0.60, status=ok, sat=True
2026-02-13 20:10:41,969 [INFO] [pid=44995] [WISE] pool result: P_max=2, sum_usage=1 cap_factor=0.40, status=ok, sat=True
2026-02-13 20:10:41,969 [INFO] [pid=44995] [WISE] pool result: P_max=2, sum_usage=1 cap_factor=0.20, status=ok, sat=True
2026-02-13 20:10:41,969 [INFO] [pid=44995] [WISE] pool result: P_max=2, sum_usage=1 cap_factor=0.00, status=ok, sat=True
2026-02-13 20:10:41,969 [INFO] [pid=44995] [WISE] pool result: P_max=3, sum_usage=1 cap_factor=1.00, status=ok, sat=True
2026-02-13 20:10:41,969 [INFO] [pid=44995] [WISE] pool result: P_max=3, sum_usage=1 cap_factor=0.80, status=ok, sat=True
2026-02-13 20:10:41,969 [INFO] [pid=44995] [WISE] pool result: P_max=3, sum_usage=1 cap_factor=0.60, status=ok, sat=True
2026-02-13 20:10:41,969 [INFO] [pid=44995] [WISE] pool result: P_max=3, sum_usage=1 cap_factor=0.40, status=ok, sat=True
2026-02-13 20:10:41,969 [INFO] [pid=44995] [WISE] pool result: P_max=3, sum_usage=1 cap_factor=0.20, status=ok, sat=True
2026-02-13 20:10:41,969 [INFO] [pid=44995] [WISE] pool result: P_max=3, sum_usage=1 cap_factor=0.00, status=ok, sat=True
2026-02-13 20:10:41,969 [INFO] [pid=44995] [WISE] pool result: P_max=4, sum_usage=1 cap_factor=1.00, status=ok, sat=True
2026-02-13 20:10:41,969 [INFO] [pid=44995] [WISE] pool result: P_max=4, sum_usage=1 cap_factor=0.80, status=ok, sat=True
2026-02-13 20:10:41,969 [INFO] [pid=44995] [WISE] pool result: P_max=4, sum_usage=1 cap_factor=0.60, status=ok, sat=True
2026-02-13 20:10:41,969 [INFO] [pid=44995] [WISE] pool result: P_max=4, sum_usage=1 cap_factor=0.40, status=ok, sat=True
2026-02-13 20:10:41,969 [INFO] [pid=44995] [WISE] pool result: P_max=4, sum_usage=1 cap_factor=0.20, status=ok, sat=True
2026-02-13 20:10:41,969 [INFO] [pid=44995] [WISE] pool result: P_max=4, sum_usage=1 cap_factor=0.00, status=ok, sat=True
2026-02-13 20:10:41,969 [INFO] [pid=44995] [WISE] pool result: P_max=5, sum_usage=1 cap_factor=1.00, status=ok, sat=True
2026-02-13 20:10:41,969 [INFO] [pid=44995] [WISE] pool result: P_max=5, sum_usage=1 cap_factor=0.80, status=ok, sat=True
2026-02-13 20:10:41,969 [INFO] [pid=44995] [WISE] pool result: P_max=5, sum_usage=1 cap_factor=0.60, status=ok, sat=True
2026-02-13 20:10:41,969 [INFO] [pid=44995] [WISE] pool result: P_max=5, sum_usage=1 cap_factor=0.40, status=ok, sat=True
2026-02-13 20:10:41,969 [INFO] [pid=44995] [WISE] pool result: P_max=5, sum_usage=1 cap_factor=0.20, status=ok, sat=True
2026-02-13 20:10:41,969 [INFO] [pid=44995] [WISE] pool result: P_max=5, sum_usage=1 cap_factor=0.00, status=ok, sat=True
2026-02-13 20:10:41,969 [INFO] [pid=44995] [WISE] pool result: P_max=6, sum_usage=1 cap_factor=1.00, status=ok, sat=True
2026-02-13 20:10:41,969 [INFO] [pid=44995] [WISE] pool result: P_max=6, sum_usage=1 cap_factor=0.80, status=ok, sat=True
2026-02-13 20:10:41,969 [INFO] [pid=44995] [WISE] pool result: P_max=6, sum_usage=1 cap_factor=0.60, status=ok, sat=True
2026-02-13 20:10:41,969 [INFO] [pid=44995] [WISE] pool result: P_max=6, sum_usage=1 cap_factor=0.40, status=ok, sat=True
2026-02-13 20:10:41,969 [INFO] [pid=44995] [WISE] pool result: P_max=6, sum_usage=1 cap_factor=0.20, status=ok, sat=True
2026-02-13 20:10:41,969 [INFO] [pid=44995] [WISE] pool result: P_max=6, sum_usage=1 cap_factor=0.00, status=ok, sat=True
2026-02-13 20:10:41,969 [INFO] [pid=44995] [WISE] pool result: P_max=7, sum_usage=1 cap_factor=1.00, status=ok, sat=True
2026-02-13 20:10:41,969 [INFO] [pid=44995] [WISE] pool result: P_max=7, sum_usage=1 cap_factor=0.80, status=ok, sat=True
2026-02-13 20:10:41,969 [INFO] [pid=44995] [WISE] pool result: P_max=7, sum_usage=1 cap_factor=0.60, status=ok, sat=True
2026-02-13 20:10:41,969 [INFO] [pid=44995] [WISE] pool result: P_max=7, sum_usage=1 cap_factor=0.40, status=ok, sat=True
2026-02-13 20:10:41,970 [INFO] [pid=44995] [WISE] pool result: P_max=7, sum_usage=1 cap_factor=0.20, status=ok, sat=True
2026-02-13 20:10:41,970 [INFO] [pid=44995] [WISE] pool result: P_max=7, sum_usage=1 cap_factor=0.00, status=ok, sat=True
2026-02-13 20:10:41,970 [INFO] [pid=44995] [WISE] pool result: P_max=8, sum_usage=1 cap_factor=1.00, status=ok, sat=True
2026-02-13 20:10:41,970 [INFO] [pid=44995] [WISE] pool result: P_max=8, sum_usage=1 cap_factor=0.80, status=ok, sat=True
2026-02-13 20:10:41,970 [INFO] [pid=44995] [WISE] pool result: P_max=8, sum_usage=1 cap_factor=0.60, status=ok, sat=True
2026-02-13 20:10:41,970 [INFO] [pid=44995] [WISE] pool result: P_max=8, sum_usage=1 cap_factor=0.40, status=ok, sat=True
2026-02-13 20:10:41,970 [INFO] [pid=44995] [WISE] pool result: P_max=8, sum_usage=1 cap_factor=0.20, status=ok, sat=True
2026-02-13 20:10:41,970 [INFO] [pid=44995] [WISE] pool result: P_max=8, sum_usage=1 cap_factor=0.00, status=ok, sat=True
2026-02-13 20:10:41,977 [INFO] [pid=44995] [WISE] chosen config: P_max=1, cap_factor=1.00, ΣP=1
2026-02-13 20:10:41,977 [INFO] [pid=44995] [WISE] minimal ΣP found: 1 (P_max=1)
2026-02-13 20:10:41,977 [INFO] [pid=44995] [WISE] MaxSAT disabled; using SAT model at P*
2026-02-13 20:10:41,977 [INFO] [pid=44995] [WISE] ΣP per round: [1], Σ_all=1, Σ_tail=1, best_sum_bound=1
2026-02-13 20:10:41,983 [INFO] [pid=44995] [WISE] launching SAT pool over 48 configs (P_max∈[1, 8])
2026-02-13 20:10:42,017 [INFO] [pid=45375] [WISE] config partial: P_max=1 cap=0.60 returning last status=unsat
2026-02-13 20:10:42,017 [INFO] [pid=45376] [WISE] config partial: P_max=1 cap=0.80 returning last status=unsat
2026-02-13 20:10:42,025 [INFO] [pid=45374] [WISE] config partial: P_max=1 cap=1.00 returning last status=unsat
2026-02-13 20:10:42,027 [INFO] [pid=45377] [WISE] config partial: P_max=1 cap=0.40 returning last status=unsat
2026-02-13 20:10:42,048 [INFO] [pid=45376] [WISE] config partial: P_max=1 cap=0.20 returning last status=unsat
2026-02-13 20:10:42,049 [INFO] [pid=45375] [WISE] config partial: P_max=1 cap=0.00 returning last status=unsat
2026-02-13 20:10:42,057 [INFO] [pid=45374] [WISE] config done: P_max=2 cap=1.00 best ΣP=1
2026-02-13 20:10:42,057 [INFO] [pid=45377] [WISE] config done: P_max=2 cap=0.80 best ΣP=1
2026-02-13 20:10:42,076 [INFO] [pid=45376] [WISE] config done: P_max=2 cap=0.60 best ΣP=1
2026-02-13 20:10:42,078 [INFO] [pid=45375] [WISE] config done: P_max=2 cap=0.40 best ΣP=1
2026-02-13 20:10:42,126 [INFO] [pid=45377] [WISE] config done: P_max=2 cap=0.00 best ΣP=1
2026-02-13 20:10:42,127 [INFO] [pid=45374] [WISE] config done: P_max=2 cap=0.20 best ΣP=1
2026-02-13 20:10:42,183 [INFO] [pid=45376] [WISE] config done: P_max=3 cap=1.00 best ΣP=1
2026-02-13 20:10:42,187 [INFO] [pid=45375] [WISE] config done: P_max=3 cap=0.80 best ΣP=1
2026-02-13 20:10:42,213 [INFO] [pid=45374] [WISE] config done: P_max=3 cap=0.40 best ΣP=1
2026-02-13 20:10:42,226 [INFO] [pid=45377] [WISE] config done: P_max=3 cap=0.60 best ΣP=1
2026-02-13 20:10:42,248 [INFO] [pid=45376] [WISE] config done: P_max=3 cap=0.20 best ΣP=1
2026-02-13 20:10:42,254 [INFO] [pid=45375] [WISE] config done: P_max=3 cap=0.00 best ΣP=1
2026-02-13 20:10:42,285 [INFO] [pid=45374] [WISE] config done: P_max=4 cap=1.00 best ΣP=1
2026-02-13 20:10:42,290 [INFO] [pid=45377] [WISE] config done: P_max=4 cap=0.80 best ΣP=1
2026-02-13 20:10:42,317 [INFO] [pid=45376] [WISE] config done: P_max=4 cap=0.60 best ΣP=1
2026-02-13 20:10:42,318 [INFO] [pid=45375] [WISE] config done: P_max=4 cap=0.40 best ΣP=1
2026-02-13 20:10:42,348 [INFO] [pid=45374] [WISE] config done: P_max=4 cap=0.20 best ΣP=1
2026-02-13 20:10:42,364 [INFO] [pid=45377] [WISE] config done: P_max=4 cap=0.00 best ΣP=1
2026-02-13 20:10:42,415 [INFO] [pid=45376] [WISE] config done: P_max=5 cap=1.00 best ΣP=1
2026-02-13 20:10:42,422 [INFO] [pid=45375] [WISE] config done: P_max=5 cap=0.80 best ΣP=1
2026-02-13 20:10:42,467 [INFO] [pid=45374] [WISE] config done: P_max=5 cap=0.60 best ΣP=1
2026-02-13 20:10:42,476 [INFO] [pid=45377] [WISE] config done: P_max=5 cap=0.40 best ΣP=1
2026-02-13 20:10:42,491 [INFO] [pid=45376] [WISE] config done: P_max=5 cap=0.20 best ΣP=1
2026-02-13 20:10:42,499 [INFO] [pid=45375] [WISE] config done: P_max=5 cap=0.00 best ΣP=1
2026-02-13 20:10:42,524 [INFO] [pid=45374] [WISE] config done: P_max=6 cap=1.00 best ΣP=1
2026-02-13 20:10:42,531 [INFO] [pid=45377] [WISE] config done: P_max=6 cap=0.80 best ΣP=1
2026-02-13 20:10:42,548 [INFO] [pid=45376] [WISE] config done: P_max=6 cap=0.60 best ΣP=1
2026-02-13 20:10:42,554 [INFO] [pid=45375] [WISE] config done: P_max=6 cap=0.40 best ΣP=1
2026-02-13 20:10:42,581 [INFO] [pid=45374] [WISE] config done: P_max=6 cap=0.20 best ΣP=1
2026-02-13 20:10:42,588 [INFO] [pid=45377] [WISE] config done: P_max=6 cap=0.00 best ΣP=1
2026-02-13 20:10:42,693 [INFO] [pid=45376] [WISE] config done: P_max=7 cap=1.00 best ΣP=1
2026-02-13 20:10:42,697 [INFO] [pid=45375] [WISE] config done: P_max=7 cap=0.80 best ΣP=1
2026-02-13 20:10:42,725 [INFO] [pid=45374] [WISE] config done: P_max=7 cap=0.60 best ΣP=1
2026-02-13 20:10:42,729 [INFO] [pid=45377] [WISE] config done: P_max=7 cap=0.40 best ΣP=1
2026-02-13 20:10:42,823 [INFO] [pid=45376] [WISE] config done: P_max=7 cap=0.20 best ΣP=1
2026-02-13 20:10:42,823 [INFO] [pid=45375] [WISE] config done: P_max=7 cap=0.00 best ΣP=1
2026-02-13 20:10:42,885 [INFO] [pid=45374] [WISE] config done: P_max=8 cap=1.00 best ΣP=1
2026-02-13 20:10:42,894 [INFO] [pid=45377] [WISE] config done: P_max=8 cap=0.80 best ΣP=1
2026-02-13 20:10:42,952 [INFO] [pid=45375] [WISE] config done: P_max=8 cap=0.40 best ΣP=1
2026-02-13 20:10:42,953 [INFO] [pid=45376] [WISE] config done: P_max=8 cap=0.60 best ΣP=1
2026-02-13 20:10:43,018 [INFO] [pid=45374] [WISE] config done: P_max=8 cap=0.20 best ΣP=1
2026-02-13 20:10:43,025 [INFO] [pid=45377] [WISE] config done: P_max=8 cap=0.00 best ΣP=1
2026-02-13 20:10:43,063 [INFO] [pid=44995] [WISE] pool result: P_max=1, sum_usage=1000000000 cap_factor=1.00, status=unsat, sat=False
2026-02-13 20:10:43,063 [INFO] [pid=44995] [WISE] pool result: P_max=1, sum_usage=1000000000 cap_factor=0.80, status=unsat, sat=False
2026-02-13 20:10:43,063 [INFO] [pid=44995] [WISE] pool result: P_max=1, sum_usage=1000000000 cap_factor=0.60, status=unsat, sat=False
2026-02-13 20:10:43,063 [INFO] [pid=44995] [WISE] pool result: P_max=1, sum_usage=1000000000 cap_factor=0.40, status=unsat, sat=False
2026-02-13 20:10:43,063 [INFO] [pid=44995] [WISE] pool result: P_max=1, sum_usage=1000000000 cap_factor=0.20, status=unsat, sat=False
2026-02-13 20:10:43,063 [INFO] [pid=44995] [WISE] pool result: P_max=1, sum_usage=1000000000 cap_factor=0.00, status=unsat, sat=False
2026-02-13 20:10:43,063 [INFO] [pid=44995] [WISE] pool result: P_max=2, sum_usage=1 cap_factor=1.00, status=ok, sat=True
2026-02-13 20:10:43,063 [INFO] [pid=44995] [WISE] pool result: P_max=2, sum_usage=1 cap_factor=0.80, status=ok, sat=True
2026-02-13 20:10:43,063 [INFO] [pid=44995] [WISE] pool result: P_max=2, sum_usage=1 cap_factor=0.60, status=ok, sat=True
2026-02-13 20:10:43,064 [INFO] [pid=44995] [WISE] pool result: P_max=2, sum_usage=1 cap_factor=0.40, status=ok, sat=True
2026-02-13 20:10:43,064 [INFO] [pid=44995] [WISE] pool result: P_max=2, sum_usage=1 cap_factor=0.20, status=ok, sat=True
2026-02-13 20:10:43,064 [INFO] [pid=44995] [WISE] pool result: P_max=2, sum_usage=1 cap_factor=0.00, status=ok, sat=True
2026-02-13 20:10:43,064 [INFO] [pid=44995] [WISE] pool result: P_max=3, sum_usage=1 cap_factor=1.00, status=ok, sat=True
2026-02-13 20:10:43,064 [INFO] [pid=44995] [WISE] pool result: P_max=3, sum_usage=1 cap_factor=0.80, status=ok, sat=True
2026-02-13 20:10:43,064 [INFO] [pid=44995] [WISE] pool result: P_max=3, sum_usage=1 cap_factor=0.60, status=ok, sat=True
2026-02-13 20:10:43,064 [INFO] [pid=44995] [WISE] pool result: P_max=3, sum_usage=1 cap_factor=0.40, status=ok, sat=True
2026-02-13 20:10:43,064 [INFO] [pid=44995] [WISE] pool result: P_max=3, sum_usage=1 cap_factor=0.20, status=ok, sat=True
2026-02-13 20:10:43,064 [INFO] [pid=44995] [WISE] pool result: P_max=3, sum_usage=1 cap_factor=0.00, status=ok, sat=True
2026-02-13 20:10:43,064 [INFO] [pid=44995] [WISE] pool result: P_max=4, sum_usage=1 cap_factor=1.00, status=ok, sat=True
2026-02-13 20:10:43,064 [INFO] [pid=44995] [WISE] pool result: P_max=4, sum_usage=1 cap_factor=0.80, status=ok, sat=True
2026-02-13 20:10:43,064 [INFO] [pid=44995] [WISE] pool result: P_max=4, sum_usage=1 cap_factor=0.60, status=ok, sat=True
2026-02-13 20:10:43,064 [INFO] [pid=44995] [WISE] pool result: P_max=4, sum_usage=1 cap_factor=0.40, status=ok, sat=True
2026-02-13 20:10:43,064 [INFO] [pid=44995] [WISE] pool result: P_max=4, sum_usage=1 cap_factor=0.20, status=ok, sat=True
2026-02-13 20:10:43,064 [INFO] [pid=44995] [WISE] pool result: P_max=4, sum_usage=1 cap_factor=0.00, status=ok, sat=True
2026-02-13 20:10:43,064 [INFO] [pid=44995] [WISE] pool result: P_max=5, sum_usage=1 cap_factor=1.00, status=ok, sat=True
2026-02-13 20:10:43,064 [INFO] [pid=44995] [WISE] pool result: P_max=5, sum_usage=1 cap_factor=0.80, status=ok, sat=True
2026-02-13 20:10:43,064 [INFO] [pid=44995] [WISE] pool result: P_max=5, sum_usage=1 cap_factor=0.60, status=ok, sat=True
2026-02-13 20:10:43,064 [INFO] [pid=44995] [WISE] pool result: P_max=5, sum_usage=1 cap_factor=0.40, status=ok, sat=True
2026-02-13 20:10:43,064 [INFO] [pid=44995] [WISE] pool result: P_max=5, sum_usage=1 cap_factor=0.20, status=ok, sat=True
2026-02-13 20:10:43,064 [INFO] [pid=44995] [WISE] pool result: P_max=5, sum_usage=1 cap_factor=0.00, status=ok, sat=True
2026-02-13 20:10:43,064 [INFO] [pid=44995] [WISE] pool result: P_max=6, sum_usage=1 cap_factor=1.00, status=ok, sat=True
2026-02-13 20:10:43,064 [INFO] [pid=44995] [WISE] pool result: P_max=6, sum_usage=1 cap_factor=0.80, status=ok, sat=True
2026-02-13 20:10:43,064 [INFO] [pid=44995] [WISE] pool result: P_max=6, sum_usage=1 cap_factor=0.60, status=ok, sat=True
2026-02-13 20:10:43,064 [INFO] [pid=44995] [WISE] pool result: P_max=6, sum_usage=1 cap_factor=0.40, status=ok, sat=True
2026-02-13 20:10:43,064 [INFO] [pid=44995] [WISE] pool result: P_max=6, sum_usage=1 cap_factor=0.20, status=ok, sat=True
2026-02-13 20:10:43,064 [INFO] [pid=44995] [WISE] pool result: P_max=6, sum_usage=1 cap_factor=0.00, status=ok, sat=True
2026-02-13 20:10:43,064 [INFO] [pid=44995] [WISE] pool result: P_max=7, sum_usage=1 cap_factor=1.00, status=ok, sat=True
2026-02-13 20:10:43,064 [INFO] [pid=44995] [WISE] pool result: P_max=7, sum_usage=1 cap_factor=0.80, status=ok, sat=True
2026-02-13 20:10:43,064 [INFO] [pid=44995] [WISE] pool result: P_max=7, sum_usage=1 cap_factor=0.60, status=ok, sat=True
2026-02-13 20:10:43,064 [INFO] [pid=44995] [WISE] pool result: P_max=7, sum_usage=1 cap_factor=0.40, status=ok, sat=True
2026-02-13 20:10:43,064 [INFO] [pid=44995] [WISE] pool result: P_max=7, sum_usage=1 cap_factor=0.20, status=ok, sat=True
2026-02-13 20:10:43,064 [INFO] [pid=44995] [WISE] pool result: P_max=7, sum_usage=1 cap_factor=0.00, status=ok, sat=True
2026-02-13 20:10:43,064 [INFO] [pid=44995] [WISE] pool result: P_max=8, sum_usage=1 cap_factor=1.00, status=ok, sat=True
2026-02-13 20:10:43,064 [INFO] [pid=44995] [WISE] pool result: P_max=8, sum_usage=1 cap_factor=0.80, status=ok, sat=True
2026-02-13 20:10:43,064 [INFO] [pid=44995] [WISE] pool result: P_max=8, sum_usage=1 cap_factor=0.60, status=ok, sat=True
2026-02-13 20:10:43,064 [INFO] [pid=44995] [WISE] pool result: P_max=8, sum_usage=1 cap_factor=0.40, status=ok, sat=True
2026-02-13 20:10:43,064 [INFO] [pid=44995] [WISE] pool result: P_max=8, sum_usage=1 cap_factor=0.20, status=ok, sat=True
2026-02-13 20:10:43,064 [INFO] [pid=44995] [WISE] pool result: P_max=8, sum_usage=1 cap_factor=0.00, status=ok, sat=True
2026-02-13 20:10:43,073 [INFO] [pid=44995] [WISE] chosen config: P_max=2, cap_factor=1.00, ΣP=1
2026-02-13 20:10:43,073 [INFO] [pid=44995] [WISE] minimal ΣP found: 1 (P_max=2)
2026-02-13 20:10:43,073 [INFO] [pid=44995] [WISE] MaxSAT disabled; using SAT model at P*
2026-02-13 20:10:43,074 [INFO] [pid=44995] [WISE] ΣP per round: [1], Σ_all=1, Σ_tail=1, best_sum_bound=1
