2026-02-16 17:32:52,576 [INFO] [pid=93317] [PatchRoute] ionRoutingWISEArch: ops=849, MS_rounds=4, lookahead=4, subgrid=(9,7,2), active_ions=71
2026-02-16 17:32:52,576 [INFO] [pid=93317] [PatchRoute] main loop: idx=0, remaining_operations=849, remaining_MS_rounds=4
2026-02-16 17:32:52,577 [INFO] [pid=93317] [PatchRoute] computing routing window: idx=0, rounds=[0,4), lookahead=4, window_len=4
2026-02-16 17:32:52,577 [INFO] [pid=93317] [PatchRoute] rechecked cache at idx=0 (rounds=[0,4)); old_blk_idx=0, old_blk_end=0, new_blk_end=4 ,cache_for_block length=0, new_cache_for_block length=0
2026-02-16 17:32:52,577 [INFO] [pid=93317] [PatchRoute] starting patch routing: rounds=4, total_gates=120, patch_size=7x8, tilings=3, BTs=None
2026-02-16 17:32:52,577 [INFO] [pid=93317] [PatchRoute] beginning tiling cycle 1; remaining_gates=120
2026-02-16 17:32:52,577 [INFO] [pid=93317] [PatchRoute] cycle 1 tiling 1/3 offset=(0,0) patches=4 remaining_before=120
2026-02-16 17:32:52,577 [INFO] [pid=93317] [PatchRoute] solving patch r[0:7] c[0:8] gates=52 per_round=[13, 15, 11, 13] boundary_prefs=[{52: {'right'}, 21: {'right'}, 8: {'right'}, 67: {'right'}, 97: {'right'}}, {21: {'right'}, 23: {'right'}, 97: {'right'}, 92: {'bottom'}, 67: {'right'}, 96: {'bottom'}}, {84: {'bottom'}, 52: {'right'}, 82: {'right'}, 97: {'bottom'}, 96: {'right'}}, {92: {'bottom'}, 96: {'bottom'}, 91: {'bottom'}, 84: {'bottom'}, 23: {'right'}, 97: {'bottom', 'right'}}], BTs=[{}, {}, {}, {}]
2026-02-16 17:32:52,577 [INFO] [pid=93314] [PatchRoute] ionRoutingWISEArch: ops=849, MS_rounds=4, lookahead=4, subgrid=(4,3,2), active_ions=71
2026-02-16 17:32:52,578 [INFO] [pid=93314] [PatchRoute] main loop: idx=0, remaining_operations=849, remaining_MS_rounds=4
2026-02-16 17:32:52,578 [INFO] [pid=93314] [PatchRoute] computing routing window: idx=0, rounds=[0,4), lookahead=4, window_len=4
2026-02-16 17:32:52,578 [INFO] [pid=93314] [PatchRoute] rechecked cache at idx=0 (rounds=[0,4)); old_blk_idx=0, old_blk_end=0, new_blk_end=4 ,cache_for_block length=0, new_cache_for_block length=0
2026-02-16 17:32:52,578 [INFO] [pid=93314] [PatchRoute] starting patch routing: rounds=4, total_gates=120, patch_size=3x4, tilings=3, BTs=None
2026-02-16 17:32:52,578 [INFO] [pid=93314] [PatchRoute] beginning tiling cycle 1; remaining_gates=120
2026-02-16 17:32:52,578 [INFO] [pid=93314] [PatchRoute] cycle 1 tiling 1/3 offset=(0,0) patches=9 remaining_before=120
2026-02-16 17:32:52,578 [INFO] [pid=93314] [PatchRoute] solving patch r[0:3] c[0:4] gates=6 per_round=[2, 2, 1, 1] boundary_prefs=[{}, {33: {'right'}, 32: {'bottom'}}, {33: {'bottom'}}, {32: {'bottom'}, 3: {'right'}, 33: {'right', 'bottom'}}], BTs=[{}, {}, {}, {}]
2026-02-16 17:32:52,579 [INFO] [pid=93316] [PatchRoute] ionRoutingWISEArch: ops=849, MS_rounds=4, lookahead=4, subgrid=(7,5,2), active_ions=71
2026-02-16 17:32:52,579 [INFO] [pid=93316] [PatchRoute] main loop: idx=0, remaining_operations=849, remaining_MS_rounds=4
2026-02-16 17:32:52,579 [INFO] [pid=93316] [PatchRoute] computing routing window: idx=0, rounds=[0,4), lookahead=4, window_len=4
2026-02-16 17:32:52,579 [INFO] [pid=93316] [PatchRoute] rechecked cache at idx=0 (rounds=[0,4)); old_blk_idx=0, old_blk_end=0, new_blk_end=4 ,cache_for_block length=0, new_cache_for_block length=0
2026-02-16 17:32:52,579 [INFO] [pid=93316] [PatchRoute] starting patch routing: rounds=4, total_gates=120, patch_size=5x4, tilings=3, BTs=None
2026-02-16 17:32:52,580 [INFO] [pid=93316] [PatchRoute] beginning tiling cycle 1; remaining_gates=120
2026-02-16 17:32:52,580 [INFO] [pid=93316] [PatchRoute] cycle 1 tiling 1/3 offset=(0,0) patches=6 remaining_before=120
2026-02-16 17:32:52,580 [INFO] [pid=93316] [PatchRoute] solving patch r[0:5] c[0:4] gates=14 per_round=[4, 5, 2, 3] boundary_prefs=[{61: {'bottom'}}, {33: {'right'}}, {61: {'bottom'}, 49: {'right'}}, {3: {'right'}, 49: {'right'}, 33: {'right'}}], BTs=[{}, {}, {}, {}]
2026-02-16 17:32:52,583 [INFO] [pid=93315] [PatchRoute] ionRoutingWISEArch: ops=849, MS_rounds=4, lookahead=4, subgrid=(6,4,2), active_ions=71
2026-02-16 17:32:52,583 [INFO] [pid=93315] [PatchRoute] main loop: idx=0, remaining_operations=849, remaining_MS_rounds=4
2026-02-16 17:32:52,583 [INFO] [pid=93315] [PatchRoute] computing routing window: idx=0, rounds=[0,4), lookahead=4, window_len=4
2026-02-16 17:32:52,583 [INFO] [pid=93315] [PatchRoute] rechecked cache at idx=0 (rounds=[0,4)); old_blk_idx=0, old_blk_end=0, new_blk_end=4 ,cache_for_block length=0, new_cache_for_block length=0
2026-02-16 17:32:52,583 [INFO] [pid=93315] [PatchRoute] starting patch routing: rounds=4, total_gates=120, patch_size=4x4, tilings=3, BTs=None
2026-02-16 17:32:52,583 [INFO] [pid=93315] [PatchRoute] beginning tiling cycle 1; remaining_gates=120
2026-02-16 17:32:52,583 [INFO] [pid=93315] [PatchRoute] cycle 1 tiling 1/3 offset=(0,0) patches=9 remaining_before=120
2026-02-16 17:32:52,583 [INFO] [pid=93315] [PatchRoute] solving patch r[0:4] c[0:4] gates=12 per_round=[4, 4, 2, 2] boundary_prefs=[{}, {33: {'right'}, 49: {'bottom'}}, {49: {'right'}}, {3: {'right'}, 49: {'bottom', 'right'}, 48: {'bottom'}, 33: {'right'}}], BTs=[{}, {}, {}, {}]
2026-02-16 17:32:52,594 [INFO] [pid=93318] [PatchRoute] ionRoutingWISEArch: ops=849, MS_rounds=4, lookahead=4, subgrid=(12,9,0), active_ions=71
2026-02-16 17:32:52,594 [INFO] [pid=93318] [PatchRoute] main loop: idx=0, remaining_operations=849, remaining_MS_rounds=4
2026-02-16 17:32:52,594 [INFO] [pid=93318] [PatchRoute] computing routing window: idx=0, rounds=[0,4), lookahead=4, window_len=4
2026-02-16 17:32:52,594 [INFO] [pid=93318] [PatchRoute] rechecked cache at idx=0 (rounds=[0,4)); old_blk_idx=0, old_blk_end=0, new_blk_end=4 ,cache_for_block length=0, new_cache_for_block length=0
2026-02-16 17:32:52,594 [INFO] [pid=93318] [PatchRoute] starting patch routing: rounds=4, total_gates=120, patch_size=9x12, tilings=2, BTs=None
2026-02-16 17:32:52,595 [INFO] [pid=93318] [PatchRoute] beginning tiling cycle 1; remaining_gates=120
2026-02-16 17:32:52,595 [INFO] [pid=93318] [PatchRoute] cycle 1 tiling 1/2 offset=(0,0) patches=1 remaining_before=120
2026-02-16 17:32:52,595 [INFO] [pid=93318] [PatchRoute] solving patch r[0:9] c[0:12] gates=120 per_round=[30, 30, 30, 30] boundary_prefs=[{}, {}, {}, {}], BTs=[{}, {}, {}, {}]
2026-02-16 17:33:25,085 [INFO] [pid=93314] [PatchRoute] patch r[0:3] c[0:4] solved in 32.51s; moved_ions=8; details=ion 1: (0, 0)->(1, 0), ion 2: (0, 1)->(1, 1), ion 3: (0, 2)->(1, 3), ion 4: (0, 3)->(0, 2), ion 16: (1, 0)->(0, 3), ion 17: (1, 1)->(1, 2)
2026-02-16 17:33:25,086 [INFO] [pid=93314] [PatchRoute] solving patch r[0:3] c[4:8] gates=9 per_round=[2, 2, 3, 2] boundary_prefs=[{21: {'right'}, 8: {'right'}}, {7: {'left'}, 21: {'right'}, 23: {'right'}, 36: {'bottom'}}, {}, {7: {'left'}, 36: {'bottom'}, 23: {'right'}}], BTs=[{}, {}, {}, {}]
2026-02-16 17:33:51,837 [INFO] [pid=93314] [PatchRoute] patch r[0:3] c[4:8] solved in 26.75s; moved_ions=12; details=ion 6: (0, 4)->(1, 5), ion 7: (0, 5)->(2, 4), ion 8: (0, 6)->(1, 6), ion 9: (0, 7)->(1, 7), ion 21: (1, 4)->(2, 6), ion 22: (1, 5)->(1, 4)
2026-02-16 17:33:51,838 [INFO] [pid=93314] [PatchRoute] solving patch r[0:3] c[8:12] gates=4 per_round=[2, 1, 1, 0] boundary_prefs=[{42: {'left'}, 41: {'left'}}, {41: {'left'}, 26: {'left'}, 42: {'bottom'}}, {41: {'left', 'bottom'}, 29: {'bottom'}}, {42: {'bottom'}, 41: {'bottom'}, 27: {'left'}, 29: {'bottom'}}], BTs=[{}, {}, {}, {}]
2026-02-16 17:34:17,331 [INFO] [pid=93314] [PatchRoute] patch r[0:3] c[8:12] solved in 25.49s; moved_ions=7; details=ion 11: (0, 8)->(0, 11), ion 12: (0, 9)->(0, 10), ion 13: (0, 10)->(0, 9), ion 14: (0, 11)->(0, 8), ion 26: (1, 8)->(1, 9), ion 27: (1, 9)->(1, 10)
2026-02-16 17:34:17,332 [INFO] [pid=93314] [PatchRoute] solving patch r[3:6] c[0:4] gates=10 per_round=[3, 3, 2, 2] boundary_prefs=[{77: {'bottom'}, 76: {'bottom'}}, {77: {'bottom'}, 79: {'right'}, 46: {'top'}}, {47: {'top'}, 49: {'right'}}, {47: {'top'}, 49: {'right'}, 79: {'right'}}], BTs=[{}, {}, {}, {}]
2026-02-16 17:42:33,569 [INFO] [pid=95260] [PatchRoute] ionRoutingWISEArch: ops=849, MS_rounds=4, lookahead=1, subgrid=(12,9,0), active_ions=71
2026-02-16 17:42:33,569 [INFO] [pid=95260] [PatchRoute] main loop: idx=0, remaining_operations=849, remaining_MS_rounds=4
2026-02-16 17:42:33,569 [INFO] [pid=95260] [PatchRoute] computing routing window: idx=0, rounds=[0,1), lookahead=1, window_len=1
2026-02-16 17:42:33,569 [INFO] [pid=95260] [PatchRoute] rechecked cache at idx=0 (rounds=[0,1)); old_blk_idx=0, old_blk_end=0, new_blk_end=4 ,cache_for_block length=0, new_cache_for_block length=0
2026-02-16 17:42:33,569 [INFO] [pid=95260] [PatchRoute] starting patch routing: rounds=1, total_gates=30, patch_size=9x12, tilings=2, BTs=None
2026-02-16 17:42:33,569 [INFO] [pid=95260] [PatchRoute] beginning tiling cycle 1; remaining_gates=30
2026-02-16 17:42:33,570 [INFO] [pid=95260] [PatchRoute] cycle 1 tiling 1/2 offset=(0,0) patches=1 remaining_before=30
2026-02-16 17:42:33,570 [INFO] [pid=95260] [PatchRoute] solving patch r[0:9] c[0:12] gates=30 per_round=[30] boundary_prefs=[{}], BTs=[{}]
2026-02-16 17:42:33,579 [INFO] [pid=95258] [PatchRoute] ionRoutingWISEArch: ops=849, MS_rounds=4, lookahead=1, subgrid=(7,5,2), active_ions=71
2026-02-16 17:42:33,579 [INFO] [pid=95258] [PatchRoute] main loop: idx=0, remaining_operations=849, remaining_MS_rounds=4
2026-02-16 17:42:33,579 [INFO] [pid=95258] [PatchRoute] computing routing window: idx=0, rounds=[0,1), lookahead=1, window_len=1
2026-02-16 17:42:33,579 [INFO] [pid=95258] [PatchRoute] rechecked cache at idx=0 (rounds=[0,1)); old_blk_idx=0, old_blk_end=0, new_blk_end=4 ,cache_for_block length=0, new_cache_for_block length=0
2026-02-16 17:42:33,579 [INFO] [pid=95258] [PatchRoute] starting patch routing: rounds=1, total_gates=30, patch_size=5x4, tilings=3, BTs=None
2026-02-16 17:42:33,579 [INFO] [pid=95258] [PatchRoute] beginning tiling cycle 1; remaining_gates=30
2026-02-16 17:42:33,579 [INFO] [pid=95258] [PatchRoute] cycle 1 tiling 1/3 offset=(0,0) patches=6 remaining_before=30
2026-02-16 17:42:33,579 [INFO] [pid=95258] [PatchRoute] solving patch r[0:5] c[0:4] gates=4 per_round=[4] boundary_prefs=[{61: {'bottom'}}], BTs=[{}]
2026-02-16 17:42:33,583 [INFO] [pid=95257] [PatchRoute] ionRoutingWISEArch: ops=849, MS_rounds=4, lookahead=1, subgrid=(4,3,2), active_ions=71
2026-02-16 17:42:33,584 [INFO] [pid=95257] [PatchRoute] main loop: idx=0, remaining_operations=849, remaining_MS_rounds=4
2026-02-16 17:42:33,584 [INFO] [pid=95257] [PatchRoute] computing routing window: idx=0, rounds=[0,1), lookahead=1, window_len=1
2026-02-16 17:42:33,584 [INFO] [pid=95257] [PatchRoute] rechecked cache at idx=0 (rounds=[0,1)); old_blk_idx=0, old_blk_end=0, new_blk_end=4 ,cache_for_block length=0, new_cache_for_block length=0
2026-02-16 17:42:33,584 [INFO] [pid=95257] [PatchRoute] starting patch routing: rounds=1, total_gates=30, patch_size=3x4, tilings=3, BTs=None
2026-02-16 17:42:33,584 [INFO] [pid=95257] [PatchRoute] beginning tiling cycle 1; remaining_gates=30
2026-02-16 17:42:33,584 [INFO] [pid=95257] [PatchRoute] cycle 1 tiling 1/3 offset=(0,0) patches=9 remaining_before=30
2026-02-16 17:42:33,584 [INFO] [pid=95257] [PatchRoute] solving patch r[0:3] c[0:4] gates=2 per_round=[2] boundary_prefs=[{}], BTs=[{}]
2026-02-16 17:42:33,588 [INFO] [pid=95259] [PatchRoute] ionRoutingWISEArch: ops=849, MS_rounds=4, lookahead=1, subgrid=(12,8,0), active_ions=71
2026-02-16 17:42:33,589 [INFO] [pid=95259] [PatchRoute] main loop: idx=0, remaining_operations=849, remaining_MS_rounds=4
2026-02-16 17:42:33,589 [INFO] [pid=95259] [PatchRoute] computing routing window: idx=0, rounds=[0,1), lookahead=1, window_len=1
2026-02-16 17:42:33,589 [INFO] [pid=95259] [PatchRoute] rechecked cache at idx=0 (rounds=[0,1)); old_blk_idx=0, old_blk_end=0, new_blk_end=4 ,cache_for_block length=0, new_cache_for_block length=0
2026-02-16 17:42:33,589 [INFO] [pid=95259] [PatchRoute] starting patch routing: rounds=1, total_gates=30, patch_size=8x12, tilings=2, BTs=None
2026-02-16 17:42:33,589 [INFO] [pid=95259] [PatchRoute] beginning tiling cycle 1; remaining_gates=30
2026-02-16 17:42:33,589 [INFO] [pid=95259] [PatchRoute] cycle 1 tiling 1/2 offset=(0,0) patches=2 remaining_before=30
2026-02-16 17:42:33,589 [INFO] [pid=95259] [PatchRoute] solving patch r[0:8] c[0:12] gates=27 per_round=[27] boundary_prefs=[{112: {'bottom'}}], BTs=[{}]
2026-02-16 17:43:20,496 [INFO] [pid=95258] [PatchRoute] patch r[0:5] c[0:4] solved in 46.92s; moved_ions=0; details=none
2026-02-16 17:43:20,498 [INFO] [pid=95258] [PatchRoute] solving patch r[0:5] c[4:8] gates=3 per_round=[3] boundary_prefs=[{66: {'bottom'}, 52: {'right'}, 21: {'right'}, 8: {'right'}, 67: {'bottom', 'right'}}], BTs=[{}]
2026-02-16 17:43:33,951 [INFO] [pid=95257] [PatchRoute] patch r[0:3] c[0:4] solved in 60.37s; moved_ions=0; details=none
2026-02-16 17:43:33,952 [INFO] [pid=95257] [PatchRoute] solving patch r[0:3] c[4:8] gates=2 per_round=[2] boundary_prefs=[{21: {'right'}, 8: {'right'}}], BTs=[{}]
2026-02-16 17:44:08,840 [INFO] [pid=95258] [PatchRoute] patch r[0:5] c[4:8] solved in 48.34s; moved_ions=19; details=ion 6: (0, 4)->(0, 7), ion 7: (0, 5)->(1, 4), ion 9: (0, 7)->(0, 5), ion 21: (1, 4)->(1, 7), ion 22: (1, 5)->(0, 4), ion 23: (1, 6)->(2, 5)
2026-02-16 17:44:08,840 [INFO] [pid=95258] [PatchRoute] solving patch r[0:5] c[8:12] gates=4 per_round=[4] boundary_prefs=[{73: {'left'}, 42: {'left'}, 72: {'bottom'}, 41: {'left'}, 58: {'bottom'}}], BTs=[{}]
2026-02-16 17:44:33,570 [INFO] [pid=95257] [PatchRoute] patch r[0:3] c[4:8] solved in 59.62s; moved_ions=10; details=ion 6: (0, 4)->(0, 6), ion 7: (0, 5)->(1, 4), ion 8: (0, 6)->(1, 7), ion 9: (0, 7)->(2, 5), ion 21: (1, 4)->(1, 6), ion 22: (1, 5)->(0, 4)
2026-02-16 17:44:33,571 [INFO] [pid=95257] [PatchRoute] solving patch r[0:3] c[8:12] gates=2 per_round=[2] boundary_prefs=[{42: {'left'}, 41: {'left'}}], BTs=[{}]
2026-02-16 17:44:59,833 [INFO] [pid=95258] [PatchRoute] patch r[0:5] c[8:12] solved in 50.99s; moved_ions=3; details=ion 71: (4, 8)->(4, 10), ion 72: (4, 9)->(4, 8), ion 73: (4, 10)->(4, 9)
2026-02-16 17:44:59,835 [INFO] [pid=95258] [PatchRoute] solving patch r[5:9] c[0:4] gates=3 per_round=[3] boundary_prefs=[{79: {'top'}}], BTs=[{}]
2026-02-16 17:45:34,332 [INFO] [pid=95257] [PatchRoute] patch r[0:3] c[8:12] solved in 60.76s; moved_ions=0; details=none
2026-02-16 17:45:34,332 [INFO] [pid=95257] [PatchRoute] solving patch r[3:6] c[0:4] gates=3 per_round=[3] boundary_prefs=[{77: {'bottom'}, 76: {'bottom'}}], BTs=[{}]
2026-02-16 17:45:42,916 [INFO] [pid=95258] [PatchRoute] patch r[5:9] c[0:4] solved in 43.08s; moved_ions=14; details=ion 76: (5, 0)->(6, 3), ion 77: (5, 1)->(6, 1), ion 79: (5, 3)->(5, 0), ion 92: (6, 1)->(6, 2), ion 93: (6, 2)->(5, 3), ion 94: (6, 3)->(5, 1)
2026-02-16 17:45:42,917 [INFO] [pid=95258] [PatchRoute] solving patch r[5:9] c[4:8] gates=5 per_round=[5] boundary_prefs=[{83: {'top'}, 97: {'right'}}], BTs=[{}]
2026-02-16 17:46:27,187 [INFO] [pid=95258] [PatchRoute] patch r[5:9] c[4:8] solved in 44.27s; moved_ions=14; details=ion 81: (5, 4)->(6, 7), ion 82: (5, 5)->(6, 5), ion 83: (5, 6)->(5, 4), ion 84: (5, 7)->(6, 6), ion 97: (6, 5)->(5, 7), ion 98: (6, 6)->(5, 5)
2026-02-16 17:46:27,188 [INFO] [pid=95258] [PatchRoute] solving patch r[5:9] c[8:12] gates=2 per_round=[2] boundary_prefs=[{88: {'top'}, 87: {'top', 'left'}, 86: {'left'}, 103: {'top'}}], BTs=[{}]
2026-02-16 17:46:35,094 [INFO] [pid=95257] [PatchRoute] patch r[3:6] c[0:4] solved in 60.76s; moved_ions=10; details=ion 46: (3, 0)->(3, 3), ion 47: (3, 1)->(3, 0), ion 49: (3, 3)->(3, 1), ion 61: (4, 0)->(4, 3), ion 62: (4, 1)->(4, 0), ion 63: (4, 2)->(5, 1)
2026-02-16 17:46:35,094 [INFO] [pid=95257] [PatchRoute] solving patch r[3:6] c[4:8] gates=3 per_round=[3] boundary_prefs=[{52: {'right'}, 82: {'bottom'}, 67: {'right'}}], BTs=[{}]
2026-02-16 17:47:14,669 [INFO] [pid=95258] [PatchRoute] patch r[5:9] c[8:12] solved in 47.48s; moved_ions=0; details=none
2026-02-16 17:47:14,670 [INFO] [pid=95258] [PatchRoute] completed tiling 1: solved_gates=21, remaining_gates=9
2026-02-16 17:47:14,670 [INFO] [pid=95258] [PatchRoute] cycle 1 tiling 2/3 offset=(2,0) patches=6 remaining_before=9
2026-02-16 17:47:14,670 [INFO] [pid=95258] [PatchRoute] solving patch r[2:7] c[0:4] gates=1 per_round=[1] boundary_prefs=[{}], BTs=[{}]
2026-02-16 17:47:36,313 [INFO] [pid=95257] [PatchRoute] patch r[3:6] c[4:8] solved in 61.22s; moved_ions=7; details=ion 52: (3, 5)->(3, 7), ion 53: (3, 6)->(3, 5), ion 54: (3, 7)->(3, 6), ion 67: (4, 5)->(4, 7), ion 68: (4, 6)->(4, 5), ion 69: (4, 7)->(5, 6)
2026-02-16 17:47:36,313 [INFO] [pid=95257] [PatchRoute] solving patch r[3:6] c[8:12] gates=3 per_round=[3] boundary_prefs=[{73: {'left'}, 87: {'left'}, 86: {'left', 'bottom'}, 58: {'bottom'}}], BTs=[{}]
2026-02-16 17:47:57,271 [INFO] [pid=95258] [PatchRoute] patch r[2:7] c[0:4] solved in 42.60s; moved_ions=7; details=ion 32: (2, 1)->(3, 1), ion 33: (2, 2)->(3, 2), ion 47: (3, 1)->(2, 1), ion 48: (3, 2)->(2, 2), ion 61: (4, 0)->(5, 0), ion 79: (5, 0)->(5, 1)
2026-02-16 17:47:57,271 [INFO] [pid=95258] [PatchRoute] solving patch r[2:7] c[4:8] gates=1 per_round=[1] boundary_prefs=[{52: {'right'}, 67: {'right'}, 97: {'right'}}], BTs=[{}]
2026-02-16 17:48:32,913 [INFO] [pid=95257] [PatchRoute] patch r[3:6] c[8:12] solved in 56.60s; moved_ions=11; details=ion 56: (3, 8)->(5, 10), ion 57: (3, 9)->(3, 8), ion 58: (3, 10)->(5, 9), ion 59: (3, 11)->(5, 11), ion 71: (4, 8)->(3, 11), ion 72: (4, 9)->(4, 8)
2026-02-16 17:48:32,914 [INFO] [pid=95257] [PatchRoute] solving patch r[6:9] c[0:4] gates=1 per_round=[1] boundary_prefs=[{92: {'top'}, 91: {'top'}}], BTs=[{}]
2026-02-16 17:48:40,933 [INFO] [pid=95258] [PatchRoute] patch r[2:7] c[4:8] solved in 43.66s; moved_ions=5; details=ion 68: (3, 4)->(5, 4), ion 66: (3, 7)->(4, 7), ion 51: (4, 4)->(3, 4), ion 38: (4, 7)->(3, 7), ion 83: (5, 4)->(4, 4)
2026-02-16 17:48:40,934 [INFO] [pid=95258] [PatchRoute] solving patch r[2:7] c[8:12] gates=2 per_round=[2] boundary_prefs=[{73: {'left'}, 42: {'top', 'left'}, 41: {'top', 'left'}, 87: {'left'}, 86: {'left'}}], BTs=[{}]
2026-02-16 17:49:29,744 [INFO] [pid=95258] [PatchRoute] patch r[2:7] c[8:12] solved in 48.81s; moved_ions=14; details=ion 56: (3, 8)->(5, 8), ion 58: (3, 10)->(4, 10), ion 59: (3, 11)->(5, 11), ion 72: (4, 8)->(5, 9), ion 73: (4, 9)->(3, 8), ion 71: (4, 10)->(3, 10)
2026-02-16 17:49:29,745 [INFO] [pid=95258] [PatchRoute] completed tiling 2: solved_gates=4, remaining_gates=5
2026-02-16 17:49:29,745 [INFO] [pid=95258] [PatchRoute] cycle 1 tiling 3/3 offset=(0,2) patches=6 remaining_before=5
2026-02-16 17:49:29,745 [INFO] [pid=95258] [PatchRoute] solving patch r[0:5] c[6:10] gates=4 per_round=[4] boundary_prefs=[{86: {'bottom'}}], BTs=[{}]
2026-02-16 17:49:34,223 [INFO] [pid=95257] [PatchRoute] patch r[6:9] c[0:4] solved in 61.31s; moved_ions=0; details=none
2026-02-16 17:49:34,224 [INFO] [pid=95257] [PatchRoute] solving patch r[6:9] c[4:8] gates=3 per_round=[3] boundary_prefs=[{96: {'top'}, 97: {'top', 'right'}}], BTs=[{}]
